[baseline-browser-mapping] The data in this module is over two months old.  To ensure accurate Baseline data, please update: `npm i baseline-browser-mapping@latest -D`
‚ùØ Building...
‚úî Building...
Initial chunk files                                                                   | Names                                                                              |  Raw size
chunk-CBTGOACQ.js                                                                     | -                                                                                  |   2.53 MB | 
spec-app-components-user-list-create-user-dialog-create-user-dialog.component.spec.js | spec-app-components-user-list-create-user-dialog-create-user-dialog.component.spec |   1.45 MB | 
polyfills.js                                                                          | polyfills                                                                          |   1.04 MB | 
jasmine-cleanup-1.js                                                                  | jasmine-cleanup-1                                                                  |  67.20 kB | 
test_main.js                                                                          | test_main                                                                          |  21.79 kB | 
styles.css                                                                            | styles                                                                             |   9.38 kB | 
chunk-V6FC2DIM.js                                                                     | -                                                                                  |   2.42 kB | 
jasmine-cleanup-0.js                                                                  | jasmine-cleanup-0                                                                  | 519 bytes | 

                                                                                      | Initial total                                                                      |   5.11 MB

Application bundle generation complete. [1.122 seconds] - 2026-02-28T12:07:21.604Z

[32m28 02 2026 13:07:21.641:INFO [karma-server]: [39mKarma v6.4.4 server started at http://localhost:9876/
[32m28 02 2026 13:07:21.642:INFO [launcher]: [39mLaunching browsers Chrome with concurrency unlimited
[32m28 02 2026 13:07:21.644:INFO [launcher]: [39mStarting browser Chrome
[32m28 02 2026 13:07:22.513:INFO [Chrome 145.0.0.0 (Mac OS 10.15.7)]: [39mConnected on socket n0sHakY9fToDqhzTAAAB with id 37180014
Chrome 145.0.0.0 (Mac OS 10.15.7): Executed 0 of 14[32m SUCCESS[39m (0 secs / 0 secs)
[1A[2KChrome 145.0.0.0 (Mac OS 10.15.7): Executed 1 of 14[32m SUCCESS[39m (0 secs / 0.033 secs)
[1A[2KLOG: [36m'create-user-dialog says: form invalid'[39m
Chrome 145.0.0.0 (Mac OS 10.15.7): Executed 1 of 14[32m SUCCESS[39m (0 secs / 0.033 secs)
LOG: 'create-user-dialog says: form invalid'
[1A[2KChrome 145.0.0.0 (Mac OS 10.15.7): Executed 2 of 14[32m SUCCESS[39m (0 secs / 0.04 secs)
[1A[2KChrome 145.0.0.0 (Mac OS 10.15.7): Executed 3 of 14[32m SUCCESS[39m (0 secs / 0.047 secs)
[1A[2KChrome 145.0.0.0 (Mac OS 10.15.7): Executed 4 of 14[32m SUCCESS[39m (0 secs / 0.052 secs)
[1A[2KChrome 145.0.0.0 (Mac OS 10.15.7): Executed 5 of 14[32m SUCCESS[39m (0 secs / 0.057 secs)
[1A[2KChrome 145.0.0.0 (Mac OS 10.15.7): Executed 6 of 14[32m SUCCESS[39m (0 secs / 0.061 secs)
[1A[2KChrome 145.0.0.0 (Mac OS 10.15.7): Executed 7 of 14[32m SUCCESS[39m (0 secs / 0.065 secs)
[1A[2KChrome 145.0.0.0 (Mac OS 10.15.7): Executed 8 of 14[32m SUCCESS[39m (0 secs / 0.068 secs)
[1A[2KChrome 145.0.0.0 (Mac OS 10.15.7): Executed 9 of 14[32m SUCCESS[39m (0 secs / 0.071 secs)
[1A[2KLOG: [36m'create-user-dialog says: form invalid'[39m
Chrome 145.0.0.0 (Mac OS 10.15.7): Executed 9 of 14[32m SUCCESS[39m (0 secs / 0.071 secs)
LOG: 'create-user-dialog says: form invalid'
[1A[2K[31mChrome 145.0.0.0 (Mac OS 10.15.7) CreateUserDialogComponent should show invalid message when form is invalid on submit FAILED[39m
	Expected undefined to contain '*Invalid data'.
	    at <Jasmine>
	    at UserContext.<anonymous> (src/app/components/user-list/create-user-dialog/create-user-dialog.component.spec.ts:136:41)
	    at _ZoneDelegate.invoke (node_modules/zone.js/fesm2015/zone.js:398:28)
	    at _ProxyZoneSpec.onInvoke (node_modules/zone.js/fesm2015/zone-testing.js:2132:39)
	    at _ZoneDelegate.invoke (node_modules/zone.js/fesm2015/zone.js:397:34)
Chrome 145.0.0.0 (Mac OS 10.15.7): Executed 10 of 14[31m (1 FAILED)[39m (0 secs / 0.075 secs)
[1A[2KLOG: [36m'create-user-dialog says: ', FormGroup{_pendingDirty: false, _hasOwnPendingAsyncValidator: null, _pendingTouched: false, _onCollectionChange: () => this._updateDomValue(), _updateOn: undefined, _parent: null, _asyncValidationSubscription: undefined, _composedValidatorFn: null, _composedAsyncValidatorFn: null, _rawValidators: null, _rawAsyncValidators: null, value: Object{name: 'John Doe', email: 'john@example.com', gender: 'male', status: 'active'}, _status: [Computed: VALID], statusReactive: [Signal: VALID], errors: null, _pristine: [Computed: true], pristineReactive: [Signal: true], _touched: [Computed: false], touchedReactive: [Signal: false], _events: Subject{closed: false, currentObservers: [], observers: [], isStopped: false, hasError: false, thrownError: null}, events: _Observable{source: Subject{closed: ..., currentObservers: ..., observers: ..., isStopped: ..., hasError: ..., thrownError: ...}}, valueChanges: EventEmitter_{closed: false, currentObservers: [], observers: [], isStopped: false, hasError: false, thrownError: null, __isAsync: false, destroyRef: NodeInjectorDestroyRef{_lView: ...}, pendingTasks: _PendingTasksInternal{taskId: ..., pendingTasks: ..., destroyed: ..., pendingTask: ...}}, statusChanges: EventEmitter_{closed: false, currentObservers: [], observers: [], isStopped: false, hasError: false, thrownError: null, __isAsync: false, destroyRef: NodeInjectorDestroyRef{_lView: ...}, pendingTasks: _PendingTasksInternal{taskId: ..., pendingTasks: ..., destroyed: ..., pendingTask: ...}}, _onDisabledChange: [], controls: Object{name: FormControl2{_pendingDirty: ..., _hasOwnPendingAsyncValidator: ..., _pendingTouched: ..., _onCollectionChange: ..., _updateOn: ..., _parent: ..., _asyncValidationSubscription: ..., _composedValidatorFn: ..., _composedAsyncValidatorFn: ..., _rawValidators: ..., _rawAsyncValidators: ..., value: ..., _status: ..., statusReactive: ..., errors: ..., _pristine: ..., pristineReactive: ..., _touched: ..., touchedReactive: ..., _events: ..., events: ..., valueChanges: ..., statusChanges: ..., _onDisabledChange: ..., defaultValue: ..., _onChange: ..., _pendingValue: ..., _pendingChange: ...}, email: FormControl2{_pendingDirty: ..., _hasOwnPendingAsyncValidator: ..., _pendingTouched: ..., _onCollectionChange: ..., _updateOn: ..., _parent: ..., _asyncValidationSubscription: ..., _composedValidatorFn: ..., _composedAsyncValidatorFn: ..., _rawValidators: ..., _rawAsyncValidators: ..., value: ..., _status: ..., statusReactive: ..., errors: ..., _pristine: ..., pristineReactive: ..., _touched: ..., touchedReactive: ..., _events: ..., events: ..., valueChanges: ..., statusChanges: ..., _onDisabledChange: ..., defaultValue: ..., _onChange: ..., _pendingValue: ..., _pendingChange: ...}, gender: FormControl2{_pendingDirty: ..., _hasOwnPendingAsyncValidator: ..., _pendingTouched: ..., _onCollectionChange: ..., _updateOn: ..., _parent: ..., _asyncValidationSubscription: ..., _composedValidatorFn: ..., _composedAsyncValidatorFn: ..., _rawValidators: ..., _rawAsyncValidators: ..., value: ..., _status: ..., statusReactive: ..., errors: ..., _pristine: ..., pristineReactive: ..., _touched: ..., touchedReactive: ..., _events: ..., events: ..., valueChanges: ..., statusChanges: ..., _onDisabledChange: ..., defaultValue: ..., _onChange: ..., _pendingValue: ..., _pendingChange: ...}, status: FormControl2{_pendingDirty: ..., _hasOwnPendingAsyncValidator: ..., _pendingTouched: ..., _onCollectionChange: ..., _updateOn: ..., _parent: ..., _asyncValidationSubscription: ..., _composedValidatorFn: ..., _composedAsyncValidatorFn: ..., _rawValidators: ..., _rawAsyncValidators: ..., value: ..., _status: ..., statusReactive: ..., errors: ..., _pristine: ..., pristineReactive: ..., _touched: ..., touchedReactive: ..., _events: ..., events: ..., valueChanges: ..., statusChanges: ..., _onDisabledChange: ..., defaultValue: ..., _onChange: ..., _pendingValue: ..., _pendingChange: ...}}}[39m
Chrome 145.0.0.0 (Mac OS 10.15.7): Executed 10 of 14[31m (1 FAILED)[39m (0 secs / 0.075 secs)
LOG: 'create-user-dialog says: ', FormGroup{_pendingDirty: false, _hasOwnPendingAsyncValidator: null, _pendingTouched: false, _onCollectionChange: () => this._updateDomValue(), _updateOn: undefined, _parent: null, _asyncValidationSubscription: undefined, _composedValidatorFn: null, _composedAsyncValidatorFn: null, _rawValidators: null, _rawAsyncValidators: null, value: Object{name: 'John Doe', email: 'john@example.com', gender: 'male', status: 'active'}, _status: [Computed: VALID], statusReactive: [Signal: VALID], errors: null, _pristine: [Computed: true], pristineReactive: [Signal: true], _touched: [Computed: false], touchedReactive: [Signal: false], _events: Subject{closed: false, currentObservers: [], observers: [], isStopped: false, hasError: false, thrownError: null}, events: _Observable{source: Subject{closed: ..., currentObservers: ..., observers: ..., isStopped: ..., hasError: ..., thrownError: ...}}, valueChanges: EventEmitter_{closed: false, currentObservers: [], observers: [], isStopped: false, hasError: false, thrownError: null, __isAsync: false, destroyRef: NodeInjectorDestroyRef{_lView: ...}, pendingTasks: _PendingTasksInternal{taskId: ..., pendingTasks: ..., destroyed: ..., pendingTask: ...}}, statusChanges: EventEmitter_{closed: false, currentObservers: [], observers: [], isStopped: false, hasError: false, thrownError: null, __isAsync: false, destroyRef: NodeInjectorDestroyRef{_lView: ...}, pendingTasks: _PendingTasksInternal{taskId: ..., pendingTasks: ..., destroyed: ..., pendingTask: ...}}, _onDisabledChange: [], controls: Object{name: FormControl2{_pendingDirty: ..., _hasOwnPendingAsyncValidator: ..., _pendingTouched: ..., _onCollectionChange: ..., _updateOn: ..., _parent: ..., _asyncValidationSubscription: ..., _composedValidatorFn: ..., _composedAsyncValidatorFn: ..., _rawValidators: ..., _rawAsyncValidators: ..., value: ..., _status: ..., statusReactive: ..., errors: ..., _pristine: ..., pristineReactive: ..., _touched: ..., touchedReactive: ..., _events: ..., events: ..., valueChanges: ..., statusChanges: ..., _onDisabledChange: ..., defaultValue: ..., _onChange: ..., _pendingValue: ..., _pendingChange: ...}, email: FormControl2{_pendingDirty: ..., _hasOwnPendingAsyncValidator: ..., _pendingTouched: ..., _onCollectionChange: ..., _updateOn: ..., _parent: ..., _asyncValidationSubscription: ..., _composedValidatorFn: ..., _composedAsyncValidatorFn: ..., _rawValidators: ..., _rawAsyncValidators: ..., value: ..., _status: ..., statusReactive: ..., errors: ..., _pristine: ..., pristineReactive: ..., _touched: ..., touchedReactive: ..., _events: ..., events: ..., valueChanges: ..., statusChanges: ..., _onDisabledChange: ..., defaultValue: ..., _onChange: ..., _pendingValue: ..., _pendingChange: ...}, gender: FormControl2{_pendingDirty: ..., _hasOwnPendingAsyncValidator: ..., _pendingTouched: ..., _onCollectionChange: ..., _updateOn: ..., _parent: ..., _asyncValidationSubscription: ..., _composedValidatorFn: ..., _composedAsyncValidatorFn: ..., _rawValidators: ..., _rawAsyncValidators: ..., value: ..., _status: ..., statusReactive: ..., errors: ..., _pristine: ..., pristineReactive: ..., _touched: ..., touchedReactive: ..., _events: ..., events: ..., valueChanges: ..., statusChanges: ..., _onDisabledChange: ..., defaultValue: ..., _onChange: ..., _pendingValue: ..., _pendingChange: ...}, status: FormControl2{_pendingDirty: ..., _hasOwnPendingAsyncValidator: ..., _pendingTouched: ..., _onCollectionChange: ..., _updateOn: ..., _parent: ..., _asyncValidationSubscription: ..., _composedValidatorFn: ..., _composedAsyncValidatorFn: ..., _rawValidators: ..., _rawAsyncValidators: ..., value: ..., _status: ..., statusReactive: ..., errors: ..., _pristine: ..., pristineReactive: ..., _touched: ..., touchedReactive: ..., _events: ..., events: ..., valueChanges: ..., statusChanges: ..., _onDisabledChange: ..., defaultValue: ..., _onChange: ..., _pendingValue: ..., _pendingChange: ...}}}
[1A[2KChrome 145.0.0.0 (Mac OS 10.15.7): Executed 11 of 14[31m (1 FAILED)[39m (0 secs / 0.08 secs)
[1A[2KChrome 145.0.0.0 (Mac OS 10.15.7): Executed 12 of 14[31m (1 FAILED)[39m (0 secs / 0.084 secs)
[1A[2KChrome 145.0.0.0 (Mac OS 10.15.7): Executed 13 of 14[31m (1 FAILED)[39m (0 secs / 0.09 secs)
[1A[2KChrome 145.0.0.0 (Mac OS 10.15.7): Executed 14 of 14[31m (1 FAILED)[39m (0 secs / 0.093 secs)
[1A[2KChrome 145.0.0.0 (Mac OS 10.15.7): Executed 14 of 14[31m (1 FAILED)[39m (0.098 secs / 0.093 secs)
[31mTOTAL: 1 FAILED, 13 SUCCESS[39m
