[baseline-browser-mapping] The data in this module is over two months old.  To ensure accurate Baseline data, please update: `npm i baseline-browser-mapping@latest -D`
â¯ Building...
âœ” Building...
Initial chunk files                                                                          | Names                                                                                     |  Raw size
chunk-QLOTLLV4.js                                                                            | -                                                                                         |   2.30 MB | 
polyfills.js                                                                                 | polyfills                                                                                 |   1.04 MB | 
chunk-YFVLFPZF.js                                                                            | -                                                                                         | 286.65 kB | 
chunk-PHY3UFQ7.js                                                                            | -                                                                                         | 242.93 kB | 
chunk-NHKDZ3QA.js                                                                            | -                                                                                         | 231.93 kB | 
chunk-QXIU56QM.js                                                                            | -                                                                                         | 197.74 kB | 
chunk-BM472JBC.js                                                                            | -                                                                                         | 181.78 kB | 
chunk-MAQ44VZZ.js                                                                            | -                                                                                         | 174.77 kB | 
chunk-3IFKKSX4.js                                                                            | -                                                                                         | 137.46 kB | 
chunk-XBOGN5DQ.js                                                                            | -                                                                                         | 106.18 kB | 
chunk-YBYZPC2H.js                                                                            | -                                                                                         |  96.30 kB | 
chunk-AACFEB7E.js                                                                            | -                                                                                         |  84.07 kB | 
chunk-KL7PJ4SB.js                                                                            | -                                                                                         |  80.58 kB | 
chunk-RO46XWLZ.js                                                                            | -                                                                                         |  72.53 kB | 
jasmine-cleanup-1.js                                                                         | jasmine-cleanup-1                                                                         |  67.20 kB | 
spec-app-pages-post-list-post-list.component.spec.js                                         | spec-app-pages-post-list-post-list.component.spec                                         |  65.49 kB | 
chunk-Q6R6JLJI.js                                                                            | -                                                                                         |  53.84 kB | 
chunk-TCZIDJMM.js                                                                            | -                                                                                         |  43.48 kB | 
chunk-WU6BRQQI.js                                                                            | -                                                                                         |  43.30 kB | 
chunk-RTPWBMMQ.js                                                                            | -                                                                                         |  39.72 kB | 
spec-app-features-auth-pages-login-login.component.spec.js                                   | spec-app-features-auth-pages-login-login.component.spec                                   |  37.53 kB | 
chunk-LI6HQ2FW.js                                                                            | -                                                                                         |  27.11 kB | 
chunk-SE6EWP3G.js                                                                            | -                                                                                         |  22.59 kB | 
test_main.js                                                                                 | test_main                                                                                 |  21.90 kB | 
chunk-Q2WTLX6K.js                                                                            | -                                                                                         |  15.47 kB | 
chunk-4VPC25NS.js                                                                            | -                                                                                         |  13.91 kB | 
spec-app-components-user-list-create-user-dialog-create-user-dialog.component.spec.js        | spec-app-components-user-list-create-user-dialog-create-user-dialog.component.spec        |  13.19 kB | 
spec-app-components-user-list-user-card-user-card.component.spec.js                          | spec-app-components-user-list-user-card-user-card.component.spec                          |  11.19 kB | 
spec-app-components-user-list-user-list-header-user-list-header.component.spec.js            | spec-app-components-user-list-user-list-header-user-list-header.component.spec            |  10.99 kB | 
chunk-FL2JZA3V.js                                                                            | -                                                                                         |   9.83 kB | 
styles.css                                                                                   | styles                                                                                    |   9.38 kB | 
spec-app-components-user-details-user-details-header-user-details-header.component.spec.js   | spec-app-components-user-details-user-details-header-user-details-header.component.spec   |   9.35 kB | 
chunk-INVW3PUN.js                                                                            | -                                                                                         |   7.62 kB | 
spec-app-services-users-api.service.spec.js                                                  | spec-app-services-users-api.service.spec                                                  |   7.61 kB | 
chunk-3LG2AUBQ.js                                                                            | -                                                                                         |   7.56 kB | 
chunk-KB7FEXFV.js                                                                            | -                                                                                         |   7.31 kB | 
spec-app-components-shared-confirm-dialog-confirm-dialog.component.spec.js                   | spec-app-components-shared-confirm-dialog-confirm-dialog.component.spec                   |   6.50 kB | 
spec-app-components-post-list-create-post-dialog-create-post-dialog.component.spec.js        | spec-app-components-post-list-create-post-dialog-create-post-dialog.component.spec        |   5.31 kB | 
spec-app-components-shared-add-comment-dialog-add-comment-dialog.component.spec.js           | spec-app-components-shared-add-comment-dialog-add-comment-dialog.component.spec           |   4.95 kB | 
spec-app-components-shared-custom-button-custom-button.component.spec.js                     | spec-app-components-shared-custom-button-custom-button.component.spec                     |   4.29 kB | 
chunk-CSVG5QDP.js                                                                            | -                                                                                         |   4.08 kB | 
spec-app-components-post-list-post-list-page-header-post-list-page-header.component.spec.js  | spec-app-components-post-list-post-list-page-header-post-list-page-header.component.spec  |   3.63 kB | 
spec-app-components-shared-custom-grid-custom-grid.component.spec.js                         | spec-app-components-shared-custom-grid-custom-grid.component.spec                         |   3.63 kB | 
spec-app-core-services-auth.service.spec.js                                                  | spec-app-core-services-auth.service.spec                                                  |   3.57 kB | 
spec-app-core-interceptors-auth.interceptor.spec.js                                          | spec-app-core-interceptors-auth.interceptor.spec                                          |   3.48 kB | 
chunk-VW5QM3AC.js                                                                            | -                                                                                         |   3.47 kB | 
chunk-Q4C7YONE.js                                                                            | -                                                                                         |   3.37 kB | 
spec-app-components-shared-custom-search-custom-search.component.spec.js                     | spec-app-components-shared-custom-search-custom-search.component.spec                     |   3.32 kB | 
spec-app-core-guards-auth.guard.spec.js                                                      | spec-app-core-guards-auth.guard.spec                                                      |   3.14 kB | 
spec-app-app.component.spec.js                                                               | spec-app-app.component.spec                                                               |   3.05 kB | 
chunk-7BJ75F6G.js                                                                            | -                                                                                         |   2.99 kB | 
chunk-CF5HMCZX.js                                                                            | -                                                                                         |   2.77 kB | 
spec-app-components-shared-toolbar-toolbar.component.spec.js                                 | spec-app-components-shared-toolbar-toolbar.component.spec                                 |   2.64 kB | 
spec-app-components-shared-custom-dialog-container-custom-dialog-container.component.spec.js | spec-app-components-shared-custom-dialog-container-custom-dialog-container.component.spec |   2.49 kB | 
chunk-V6FC2DIM.js                                                                            | -                                                                                         |   2.42 kB | 
spec-app-components-shared-custom-paginator-custom-paginator.component.spec.js               | spec-app-components-shared-custom-paginator-custom-paginator.component.spec               |   1.49 kB | 
spec-app-components-shared-custom-post-card-header-custom-post-card-header.component.spec.js | spec-app-components-shared-custom-post-card-header-custom-post-card-header.component.spec |   1.31 kB | 
chunk-QOOUN7VE.js                                                                            | -                                                                                         | 936 bytes | 
jasmine-cleanup-0.js                                                                         | jasmine-cleanup-0                                                                         | 519 bytes | 
chunk-3FGBZWFJ.js                                                                            | -                                                                                         | 403 bytes | 
chunk-KMXVMNV3.js                                                                            | -                                                                                         | 393 bytes | 
spec-app-components-user-details-post-comments-dialog-post-comments-dialog.component.spec.js | spec-app-components-user-details-post-comments-dialog-post-comments-dialog.component.spec | 118 bytes | 
spec-app-components-user-details-user-details-card-user-details-page-card.component.spec.js  | spec-app-components-user-details-user-details-card-user-details-page-card.component.spec  | 117 bytes | 
spec-app-components-shared-user-post-card-user-post-card.component.spec.js                   | spec-app-components-shared-user-post-card-user-post-card.component.spec                   | 100 bytes | 
spec-app-pages-user-details-page-user-details-page.component.spec.js                         | spec-app-pages-user-details-page-user-details-page.component.spec                         |  94 bytes | 
spec-app-pages-user-list-user-list.component.spec.js                                         | spec-app-pages-user-list-user-list.component.spec                                         |  78 bytes | 

                                                                                             | Initial total                                                                             |   5.85 MB

Application bundle generation complete. [1.164 seconds] - 2026-02-28T12:50:20.352Z

[32m28 02 2026 13:50:20.411:INFO [karma-server]: [39mKarma v6.4.4 server started at http://localhost:9876/
[32m28 02 2026 13:50:20.411:INFO [launcher]: [39mLaunching browsers Chrome with concurrency unlimited
[32m28 02 2026 13:50:20.414:INFO [launcher]: [39mStarting browser Chrome
[32m28 02 2026 13:50:21.185:INFO [Chrome 145.0.0.0 (Mac OS 10.15.7)]: [39mConnected on socket sL__Rs6Fxhg1rCbGAAAB with id 26543662
Chrome 145.0.0.0 (Mac OS 10.15.7): Executed 0 of 168[32m SUCCESS[39m (0 secs / 0 secs)
[1A[2KLOG: [36m'UserCardComponent says user img requested on: ', 'https://api.dicebear.com/9.x/notionists/svg?seed=1&gender=female'[39m
Chrome 145.0.0.0 (Mac OS 10.15.7): Executed 0 of 168[32m SUCCESS[39m (0 secs / 0 secs)
LOG: 'UserCardComponent says user img requested on: ', 'https://api.dicebear.com/9.x/notionists/svg?seed=1&gender=female'
[1A[2KChrome 145.0.0.0 (Mac OS 10.15.7): Executed 1 of 168[32m SUCCESS[39m (0 secs / 0.019 secs)
[1A[2KLOG: [36m'UserCardComponent says user img requested on: ', 'https://api.dicebear.com/9.x/notionists/svg?seed=1&gender=female'[39m
Chrome 145.0.0.0 (Mac OS 10.15.7): Executed 1 of 168[32m SUCCESS[39m (0 secs / 0.019 secs)
LOG: 'UserCardComponent says user img requested on: ', 'https://api.dicebear.com/9.x/notionists/svg?seed=1&gender=female'
[1A[2KChrome 145.0.0.0 (Mac OS 10.15.7): Executed 2 of 168[32m SUCCESS[39m (0 secs / 0.022 secs)
[1A[2KLOG: [36m'UserCardComponent says user img requested on: ', 'https://api.dicebear.com/9.x/notionists/svg?seed=1&gender=female'[39m
Chrome 145.0.0.0 (Mac OS 10.15.7): Executed 2 of 168[32m SUCCESS[39m (0 secs / 0.022 secs)
LOG: 'UserCardComponent says user img requested on: ', 'https://api.dicebear.com/9.x/notionists/svg?seed=1&gender=female'
[1A[2KChrome 145.0.0.0 (Mac OS 10.15.7): Executed 3 of 168[32m SUCCESS[39m (0 secs / 0.024 secs)
[1A[2KLOG: [36m'UserCardComponent says user img requested on: ', 'https://api.dicebear.com/9.x/notionists/svg?seed=1&gender=female'[39m
Chrome 145.0.0.0 (Mac OS 10.15.7): Executed 3 of 168[32m SUCCESS[39m (0 secs / 0.024 secs)
LOG: 'UserCardComponent says user img requested on: ', 'https://api.dicebear.com/9.x/notionists/svg?seed=1&gender=female'
[1A[2KChrome 145.0.0.0 (Mac OS 10.15.7): Executed 4 of 168[32m SUCCESS[39m (0 secs / 0.026 secs)
[1A[2KLOG: [36m'UserCardComponent says user img requested on: ', 'https://api.dicebear.com/9.x/notionists/svg?seed=1&gender=female'[39m
Chrome 145.0.0.0 (Mac OS 10.15.7): Executed 4 of 168[32m SUCCESS[39m (0 secs / 0.026 secs)
LOG: 'UserCardComponent says user img requested on: ', 'https://api.dicebear.com/9.x/notionists/svg?seed=1&gender=female'
[1A[2KChrome 145.0.0.0 (Mac OS 10.15.7): Executed 5 of 168[32m SUCCESS[39m (0 secs / 0.028 secs)
[1A[2KLOG: [36m'UserCardComponent says user img requested on: ', 'https://api.dicebear.com/9.x/notionists/svg?seed=1&gender=female'[39m
Chrome 145.0.0.0 (Mac OS 10.15.7): Executed 5 of 168[32m SUCCESS[39m (0 secs / 0.028 secs)
LOG: 'UserCardComponent says user img requested on: ', 'https://api.dicebear.com/9.x/notionists/svg?seed=1&gender=female'
[1A[2KLOG: [36m'UserCardComponent says user img requested on: ', 'https://api.dicebear.com/9.x/notionists/svg?seed=2&gender=female'[39m
Chrome 145.0.0.0 (Mac OS 10.15.7): Executed 5 of 168[32m SUCCESS[39m (0 secs / 0.028 secs)
LOG: 'UserCardComponent says user img requested on: ', 'https://api.dicebear.com/9.x/notionists/svg?seed=2&gender=female'
[1A[2KChrome 145.0.0.0 (Mac OS 10.15.7): Executed 6 of 168[32m SUCCESS[39m (0 secs / 0.03 secs)
[1A[2KLOG: [36m'UserCardComponent says user img requested on: ', 'https://api.dicebear.com/9.x/notionists/svg?seed=1&gender=female'[39m
Chrome 145.0.0.0 (Mac OS 10.15.7): Executed 6 of 168[32m SUCCESS[39m (0 secs / 0.03 secs)
LOG: 'UserCardComponent says user img requested on: ', 'https://api.dicebear.com/9.x/notionists/svg?seed=1&gender=female'
[1A[2KChrome 145.0.0.0 (Mac OS 10.15.7): Executed 7 of 168[32m SUCCESS[39m (0 secs / 0.032 secs)
[1A[2KLOG: [36m'UserCardComponent says user img requested on: ', 'https://api.dicebear.com/9.x/notionists/svg?seed=1&gender=female'[39m
Chrome 145.0.0.0 (Mac OS 10.15.7): Executed 7 of 168[32m SUCCESS[39m (0 secs / 0.032 secs)
LOG: 'UserCardComponent says user img requested on: ', 'https://api.dicebear.com/9.x/notionists/svg?seed=1&gender=female'
[1A[2KLOG: [36m'user-card says delete user with id: ', 1[39m
Chrome 145.0.0.0 (Mac OS 10.15.7): Executed 7 of 168[32m SUCCESS[39m (0 secs / 0.032 secs)
LOG: 'user-card says delete user with id: ', 1
[1A[2KChrome 145.0.0.0 (Mac OS 10.15.7): Executed 8 of 168[32m SUCCESS[39m (0 secs / 0.038 secs)
[1A[2KLOG: [36m'UserCardComponent says user img requested on: ', 'https://api.dicebear.com/9.x/notionists/svg?seed=1&gender=female'[39m
Chrome 145.0.0.0 (Mac OS 10.15.7): Executed 8 of 168[32m SUCCESS[39m (0 secs / 0.038 secs)
LOG: 'UserCardComponent says user img requested on: ', 'https://api.dicebear.com/9.x/notionists/svg?seed=1&gender=female'
[1A[2KChrome 145.0.0.0 (Mac OS 10.15.7): Executed 9 of 168[32m SUCCESS[39m (0 secs / 0.04 secs)
[1A[2KLOG: [36m'UserCardComponent says user img requested on: ', 'https://api.dicebear.com/9.x/notionists/svg?seed=1&gender=female'[39m
Chrome 145.0.0.0 (Mac OS 10.15.7): Executed 9 of 168[32m SUCCESS[39m (0 secs / 0.04 secs)
LOG: 'UserCardComponent says user img requested on: ', 'https://api.dicebear.com/9.x/notionists/svg?seed=1&gender=female'
[1A[2KChrome 145.0.0.0 (Mac OS 10.15.7): Executed 10 of 168[32m SUCCESS[39m (0 secs / 0.042 secs)
[1A[2KLOG: [36m'UserCardComponent says user img requested on: ', 'https://api.dicebear.com/9.x/notionists/svg?seed=1&gender=female'[39m
Chrome 145.0.0.0 (Mac OS 10.15.7): Executed 10 of 168[32m SUCCESS[39m (0 secs / 0.042 secs)
LOG: 'UserCardComponent says user img requested on: ', 'https://api.dicebear.com/9.x/notionists/svg?seed=1&gender=female'
[1A[2KLOG: [36m'user-card says open details of user with id: ', 1[39m
Chrome 145.0.0.0 (Mac OS 10.15.7): Executed 10 of 168[32m SUCCESS[39m (0 secs / 0.042 secs)
LOG: 'user-card says open details of user with id: ', 1
[1A[2KChrome 145.0.0.0 (Mac OS 10.15.7): Executed 11 of 168[32m SUCCESS[39m (0 secs / 0.044 secs)
[1A[2KChrome 145.0.0.0 (Mac OS 10.15.7): Executed 12 of 168[32m SUCCESS[39m (0 secs / 0.062 secs)
[1A[2KChrome 145.0.0.0 (Mac OS 10.15.7): Executed 13 of 168[32m SUCCESS[39m (0 secs / 0.067 secs)
[1A[2KChrome 145.0.0.0 (Mac OS 10.15.7): Executed 14 of 168[32m SUCCESS[39m (0 secs / 0.072 secs)
[1A[2KChrome 145.0.0.0 (Mac OS 10.15.7): Executed 15 of 168[32m SUCCESS[39m (0 secs / 0.077 secs)
[1A[2KChrome 145.0.0.0 (Mac OS 10.15.7): Executed 16 of 168[32m SUCCESS[39m (0 secs / 0.082 secs)
[1A[2KChrome 145.0.0.0 (Mac OS 10.15.7): Executed 17 of 168[32m SUCCESS[39m (0 secs / 0.086 secs)
[1A[2KChrome 145.0.0.0 (Mac OS 10.15.7): Executed 18 of 168[32m SUCCESS[39m (0 secs / 0.09 secs)
[1A[2KLOG: [36m'create-user-dialog says: ', FormGroup{_pendingDirty: false, _hasOwnPendingAsyncValidator: null, _pendingTouched: false, _onCollectionChange: () => this._updateDomValue(), _updateOn: undefined, _parent: null, _asyncValidationSubscription: undefined, _composedValidatorFn: null, _composedAsyncValidatorFn: null, _rawValidators: null, _rawAsyncValidators: null, value: Object{name: 'John Doe', email: 'john@example.com', gender: 'male', status: 'active'}, _status: [Computed: VALID], statusReactive: [Signal: VALID], errors: null, _pristine: [Computed: true], pristineReactive: [Signal: true], _touched: [Computed: false], touchedReactive: [Signal: false], _events: Subject{closed: false, currentObservers: [], observers: [], isStopped: false, hasError: false, thrownError: null}, events: _Observable{source: Subject{closed: ..., currentObservers: ..., observers: ..., isStopped: ..., hasError: ..., thrownError: ...}}, valueChanges: EventEmitter_{closed: false, currentObservers: [], observers: [], isStopped: false, hasError: false, thrownError: null, __isAsync: false, destroyRef: NodeInjectorDestroyRef{_lView: ...}, pendingTasks: _PendingTasksInternal{taskId: ..., pendingTasks: ..., destroyed: ..., pendingTask: ...}}, statusChanges: EventEmitter_{closed: false, currentObservers: [], observers: [], isStopped: false, hasError: false, thrownError: null, __isAsync: false, destroyRef: NodeInjectorDestroyRef{_lView: ...}, pendingTasks: _PendingTasksInternal{taskId: ..., pendingTasks: ..., destroyed: ..., pendingTask: ...}}, _onDisabledChange: [], controls: Object{name: FormControl2{_pendingDirty: ..., _hasOwnPendingAsyncValidator: ..., _pendingTouched: ..., _onCollectionChange: ..., _updateOn: ..., _parent: ..., _asyncValidationSubscription: ..., _composedValidatorFn: ..., _composedAsyncValidatorFn: ..., _rawValidators: ..., _rawAsyncValidators: ..., value: ..., _status: ..., statusReactive: ..., errors: ..., _pristine: ..., pristineReactive: ..., _touched: ..., touchedReactive: ..., _events: ..., events: ..., valueChanges: ..., statusChanges: ..., _onDisabledChange: ..., defaultValue: ..., _onChange: ..., _pendingValue: ..., _pendingChange: ...}, email: FormControl2{_pendingDirty: ..., _hasOwnPendingAsyncValidator: ..., _pendingTouched: ..., _onCollectionChange: ..., _updateOn: ..., _parent: ..., _asyncValidationSubscription: ..., _composedValidatorFn: ..., _composedAsyncValidatorFn: ..., _rawValidators: ..., _rawAsyncValidators: ..., value: ..., _status: ..., statusReactive: ..., errors: ..., _pristine: ..., pristineReactive: ..., _touched: ..., touchedReactive: ..., _events: ..., events: ..., valueChanges: ..., statusChanges: ..., _onDisabledChange: ..., defaultValue: ..., _onChange: ..., _pendingValue: ..., _pendingChange: ...}, gender: FormControl2{_pendingDirty: ..., _hasOwnPendingAsyncValidator: ..., _pendingTouched: ..., _onCollectionChange: ..., _updateOn: ..., _parent: ..., _asyncValidationSubscription: ..., _composedValidatorFn: ..., _composedAsyncValidatorFn: ..., _rawValidators: ..., _rawAsyncValidators: ..., value: ..., _status: ..., statusReactive: ..., errors: ..., _pristine: ..., pristineReactive: ..., _touched: ..., touchedReactive: ..., _events: ..., events: ..., valueChanges: ..., statusChanges: ..., _onDisabledChange: ..., defaultValue: ..., _onChange: ..., _pendingValue: ..., _pendingChange: ...}, status: FormControl2{_pendingDirty: ..., _hasOwnPendingAsyncValidator: ..., _pendingTouched: ..., _onCollectionChange: ..., _updateOn: ..., _parent: ..., _asyncValidationSubscription: ..., _composedValidatorFn: ..., _composedAsyncValidatorFn: ..., _rawValidators: ..., _rawAsyncValidators: ..., value: ..., _status: ..., statusReactive: ..., errors: ..., _pristine: ..., pristineReactive: ..., _touched: ..., touchedReactive: ..., _events: ..., events: ..., valueChanges: ..., statusChanges: ..., _onDisabledChange: ..., defaultValue: ..., _onChange: ..., _pendingValue: ..., _pendingChange: ...}}}[39m
Chrome 145.0.0.0 (Mac OS 10.15.7): Executed 18 of 168[32m SUCCESS[39m (0 secs / 0.09 secs)
LOG: 'create-user-dialog says: ', FormGroup{_pendingDirty: false, _hasOwnPendingAsyncValidator: null, _pendingTouched: false, _onCollectionChange: () => this._updateDomValue(), _updateOn: undefined, _parent: null, _asyncValidationSubscription: undefined, _composedValidatorFn: null, _composedAsyncValidatorFn: null, _rawValidators: null, _rawAsyncValidators: null, value: Object{name: 'John Doe', email: 'john@example.com', gender: 'male', status: 'active'}, _status: [Computed: VALID], statusReactive: [Signal: VALID], errors: null, _pristine: [Computed: true], pristineReactive: [Signal: true], _touched: [Computed: false], touchedReactive: [Signal: false], _events: Subject{closed: false, currentObservers: [], observers: [], isStopped: false, hasError: false, thrownError: null}, events: _Observable{source: Subject{closed: ..., currentObservers: ..., observers: ..., isStopped: ..., hasError: ..., thrownError: ...}}, valueChanges: EventEmitter_{closed: false, currentObservers: [], observers: [], isStopped: false, hasError: false, thrownError: null, __isAsync: false, destroyRef: NodeInjectorDestroyRef{_lView: ...}, pendingTasks: _PendingTasksInternal{taskId: ..., pendingTasks: ..., destroyed: ..., pendingTask: ...}}, statusChanges: EventEmitter_{closed: false, currentObservers: [], observers: [], isStopped: false, hasError: false, thrownError: null, __isAsync: false, destroyRef: NodeInjectorDestroyRef{_lView: ...}, pendingTasks: _PendingTasksInternal{taskId: ..., pendingTasks: ..., destroyed: ..., pendingTask: ...}}, _onDisabledChange: [], controls: Object{name: FormControl2{_pendingDirty: ..., _hasOwnPendingAsyncValidator: ..., _pendingTouched: ..., _onCollectionChange: ..., _updateOn: ..., _parent: ..., _asyncValidationSubscription: ..., _composedValidatorFn: ..., _composedAsyncValidatorFn: ..., _rawValidators: ..., _rawAsyncValidators: ..., value: ..., _status: ..., statusReactive: ..., errors: ..., _pristine: ..., pristineReactive: ..., _touched: ..., touchedReactive: ..., _events: ..., events: ..., valueChanges: ..., statusChanges: ..., _onDisabledChange: ..., defaultValue: ..., _onChange: ..., _pendingValue: ..., _pendingChange: ...}, email: FormControl2{_pendingDirty: ..., _hasOwnPendingAsyncValidator: ..., _pendingTouched: ..., _onCollectionChange: ..., _updateOn: ..., _parent: ..., _asyncValidationSubscription: ..., _composedValidatorFn: ..., _composedAsyncValidatorFn: ..., _rawValidators: ..., _rawAsyncValidators: ..., value: ..., _status: ..., statusReactive: ..., errors: ..., _pristine: ..., pristineReactive: ..., _touched: ..., touchedReactive: ..., _events: ..., events: ..., valueChanges: ..., statusChanges: ..., _onDisabledChange: ..., defaultValue: ..., _onChange: ..., _pendingValue: ..., _pendingChange: ...}, gender: FormControl2{_pendingDirty: ..., _hasOwnPendingAsyncValidator: ..., _pendingTouched: ..., _onCollectionChange: ..., _updateOn: ..., _parent: ..., _asyncValidationSubscription: ..., _composedValidatorFn: ..., _composedAsyncValidatorFn: ..., _rawValidators: ..., _rawAsyncValidators: ..., value: ..., _status: ..., statusReactive: ..., errors: ..., _pristine: ..., pristineReactive: ..., _touched: ..., touchedReactive: ..., _events: ..., events: ..., valueChanges: ..., statusChanges: ..., _onDisabledChange: ..., defaultValue: ..., _onChange: ..., _pendingValue: ..., _pendingChange: ...}, status: FormControl2{_pendingDirty: ..., _hasOwnPendingAsyncValidator: ..., _pendingTouched: ..., _onCollectionChange: ..., _updateOn: ..., _parent: ..., _asyncValidationSubscription: ..., _composedValidatorFn: ..., _composedAsyncValidatorFn: ..., _rawValidators: ..., _rawAsyncValidators: ..., value: ..., _status: ..., statusReactive: ..., errors: ..., _pristine: ..., pristineReactive: ..., _touched: ..., touchedReactive: ..., _events: ..., events: ..., valueChanges: ..., statusChanges: ..., _onDisabledChange: ..., defaultValue: ..., _onChange: ..., _pendingValue: ..., _pendingChange: ...}}}
[1A[2KChrome 145.0.0.0 (Mac OS 10.15.7): Executed 19 of 168[32m SUCCESS[39m (0 secs / 0.094 secs)
[1A[2KChrome 145.0.0.0 (Mac OS 10.15.7): Executed 20 of 168[32m SUCCESS[39m (0 secs / 0.098 secs)
[1A[2KChrome 145.0.0.0 (Mac OS 10.15.7): Executed 21 of 168[32m SUCCESS[39m (0 secs / 0.101 secs)
[1A[2KChrome 145.0.0.0 (Mac OS 10.15.7): Executed 22 of 168[32m SUCCESS[39m (0 secs / 0.105 secs)
[1A[2KChrome 145.0.0.0 (Mac OS 10.15.7): Executed 23 of 168[32m SUCCESS[39m (0 secs / 0.108 secs)
[1A[2KLOG: [36m'create-user-dialog says: form invalid'[39m
Chrome 145.0.0.0 (Mac OS 10.15.7): Executed 23 of 168[32m SUCCESS[39m (0 secs / 0.108 secs)
LOG: 'create-user-dialog says: form invalid'
[1A[2KChrome 145.0.0.0 (Mac OS 10.15.7): Executed 24 of 168[32m SUCCESS[39m (0 secs / 0.114 secs)
[1A[2KLOG: [36m'AuthService: nessun token fornito'[39m
Chrome 145.0.0.0 (Mac OS 10.15.7): Executed 24 of 168[32m SUCCESS[39m (0 secs / 0.114 secs)
LOG: 'AuthService: nessun token fornito'
[1A[2KChrome 145.0.0.0 (Mac OS 10.15.7): Executed 25 of 168[32m SUCCESS[39m (0 secs / 0.115 secs)
[1A[2KLOG: [36m'AuthService: token salvato, in validazione...'[39m
Chrome 145.0.0.0 (Mac OS 10.15.7): Executed 25 of 168[32m SUCCESS[39m (0 secs / 0.115 secs)
LOG: 'AuthService: token salvato, in validazione...'
[1A[2KLOG: [36m'AuthService: token non valido', Error: 401
Error: 401
    at http://localhost:9876/base/src/app/core/services/auth.service.spec.ts:63:56
    at _Observable.init [as _subscribe] (http://localhost:9876/base/node_modules/rxjs/dist/esm/internal/observable/throwError.js:5:51)
    at _Observable._trySubscribe (http://localhost:9876/base/node_modules/rxjs/dist/esm/internal/Observable.js:37:25)
    at http://localhost:9876/base/node_modules/rxjs/dist/esm/internal/Observable.js:31:30
    at errorContext (http://localhost:9876/base/node_modules/rxjs/dist/esm/internal/util/errorContext.js:19:9)
    at _Observable.subscribe (http://localhost:9876/base/node_modules/rxjs/dist/esm/internal/Observable.js:22:9)
    at AuthService2.login (http://localhost:9876/base/src/app/core/services/auth.service.ts:24:10)
    at UserContext.<anonymous> (http://localhost:9876/base/src/app/core/services/auth.service.spec.ts:64:13)
    at _ZoneDelegate.invoke (http://localhost:9876/base/node_modules/zone.js/fesm2015/zone.js:398:28)
    at _ProxyZoneSpec.onInvoke (http://localhost:9876/base/node_modules/zone.js/fesm2015/zone-testing.js:2132:39)[39m
Chrome 145.0.0.0 (Mac OS 10.15.7): Executed 25 of 168[32m SUCCESS[39m (0 secs / 0.115 secs)
LOG: 'AuthService: token non valido', Error: 401
Error: 401
    at http://localhost:9876/base/src/app/core/services/auth.service.spec.ts:63:56
    at _Observable.init [as _subscribe] (http://localhost:9876/base/node_modules/rxjs/dist/esm/internal/observable/throwError.js:5:51)
    at _Observable._trySubscribe (http://localhost:9876/base/node_modules/rxjs/dist/esm/internal/Observable.js:37:25)
    at http://localhost:9876/base/node_modules/rxjs/dist/esm/internal/Observable.js:31:30
    at errorContext (http://localhost:9876/base/node_modules/rxjs/dist/esm/internal/util/errorContext.js:19:9)
    at _Observable.subscribe (http://localhost:9876/base/node_modules/rxjs/dist/esm/internal/Observable.js:22:9)
    at AuthService2.login (http://localhost:9876/base/src/app/core/services/auth.service.ts:24:10)
    at UserContext.<anonymous> (http://localhost:9876/base/src/app/core/services/auth.service.spec.ts:64:13)
    at _ZoneDelegate.invoke (http://localhost:9876/base/node_modules/zone.js/fesm2015/zone.js:398:28)
    at _ProxyZoneSpec.onInvoke (http://localhost:9876/base/node_modules/zone.js/fesm2015/zone-testing.js:2132:39)
[1A[2KChrome 145.0.0.0 (Mac OS 10.15.7): Executed 26 of 168[32m SUCCESS[39m (0 secs / 0.224 secs)
[1A[2KLOG: [36m'AuthService: token salvato, in validazione...'[39m
Chrome 145.0.0.0 (Mac OS 10.15.7): Executed 26 of 168[32m SUCCESS[39m (0 secs / 0.224 secs)
LOG: 'AuthService: token salvato, in validazione...'
[1A[2KLOG: [36m'AuthService: token valido'[39m
Chrome 145.0.0.0 (Mac OS 10.15.7): Executed 26 of 168[32m SUCCESS[39m (0 secs / 0.224 secs)
LOG: 'AuthService: token valido'
[1A[2KChrome 145.0.0.0 (Mac OS 10.15.7): Executed 27 of 168[32m SUCCESS[39m (0 secs / 0.224 secs)
[1A[2KChrome 145.0.0.0 (Mac OS 10.15.7): Executed 28 of 168[32m SUCCESS[39m (0 secs / 0.225 secs)
[1A[2KChrome 145.0.0.0 (Mac OS 10.15.7): Executed 29 of 168[32m SUCCESS[39m (0 secs / 0.225 secs)
[1A[2KLOG: [36m'AuthService: logout effettuato'[39m
Chrome 145.0.0.0 (Mac OS 10.15.7): Executed 29 of 168[32m SUCCESS[39m (0 secs / 0.225 secs)
LOG: 'AuthService: logout effettuato'
[1A[2KChrome 145.0.0.0 (Mac OS 10.15.7): Executed 30 of 168[32m SUCCESS[39m (0 secs / 0.225 secs)
[1A[2KChrome 145.0.0.0 (Mac OS 10.15.7): Executed 31 of 168[32m SUCCESS[39m (0 secs / 0.226 secs)
[1A[2KChrome 145.0.0.0 (Mac OS 10.15.7): Executed 32 of 168[32m SUCCESS[39m (0 secs / 0.226 secs)
[1A[2KChrome 145.0.0.0 (Mac OS 10.15.7): Executed 33 of 168[32m SUCCESS[39m (0 secs / 0.226 secs)
[1A[2KChrome 145.0.0.0 (Mac OS 10.15.7): Executed 34 of 168[32m SUCCESS[39m (0 secs / 0.231 secs)
[1A[2K[31mChrome 145.0.0.0 (Mac OS 10.15.7) authInterceptor should add Authorization header when token exists FAILED[39m
	ÉµNotFound: NG0201: No provider found for `_HttpClient`. Find more at https://v20.angular.dev/errors/NG0201
	error properties: Object({ code: -201, ngErrorCode: -201, ngErrorMessage: 'No provider found for `_HttpClient`.', ngTokenPath: [ 'AuthService2', '_HttpClient' ] })
	ÉµNotFound: NG0201: No provider found for `_HttpClient`. Find more at https://v20.angular.dev/errors/NG0201
	    at createRuntimeError (node_modules/@angular/core/fesm2022/root_effect_scheduler.mjs:921:19)
	    at NullInjector.get (node_modules/@angular/core/fesm2022/root_effect_scheduler.mjs:1489:27)
	    at R3Injector.get (node_modules/@angular/core/fesm2022/root_effect_scheduler.mjs:2045:33)
	    at R3Injector.get (node_modules/@angular/core/fesm2022/root_effect_scheduler.mjs:2045:33)
	    at R3Injector.retrieve (node_modules/@angular/core/fesm2022/root_effect_scheduler.mjs:1929:25)
	    at injectInjectorOnly (node_modules/@angular/core/fesm2022/root_effect_scheduler.mjs:1046:39)
	    at ÉµÉµinject (node_modules/@angular/core/fesm2022/root_effect_scheduler.mjs:1058:42)
	    at Object.AuthService2_Factory [as factory] (ng:///AuthService2/Éµfac.js:5:7)
	    at node_modules/@angular/core/fesm2022/root_effect_scheduler.mjs:2187:47
	    at runInInjectorProfilerContext (node_modules/@angular/core/fesm2022/root_effect_scheduler.mjs:746:9)
Chrome 145.0.0.0 (Mac OS 10.15.7): Executed 35 of 168[31m (1 FAILED)[39m (0 secs / 0.234 secs)
[1A[2K[31mChrome 145.0.0.0 (Mac OS 10.15.7) authInterceptor should not add Authorization header when token does not exist FAILED[39m
	ÉµNotFound: NG0201: No provider found for `_HttpClient`. Find more at https://v20.angular.dev/errors/NG0201
	error properties: Object({ code: -201, ngErrorCode: -201, ngErrorMessage: 'No provider found for `_HttpClient`.', ngTokenPath: [ 'AuthService2', '_HttpClient' ] })
	ÉµNotFound: NG0201: No provider found for `_HttpClient`. Find more at https://v20.angular.dev/errors/NG0201
	    at createRuntimeError (node_modules/@angular/core/fesm2022/root_effect_scheduler.mjs:921:19)
	    at NullInjector.get (node_modules/@angular/core/fesm2022/root_effect_scheduler.mjs:1489:27)
	    at R3Injector.get (node_modules/@angular/core/fesm2022/root_effect_scheduler.mjs:2045:33)
	    at R3Injector.get (node_modules/@angular/core/fesm2022/root_effect_scheduler.mjs:2045:33)
	    at R3Injector.retrieve (node_modules/@angular/core/fesm2022/root_effect_scheduler.mjs:1929:25)
	    at injectInjectorOnly (node_modules/@angular/core/fesm2022/root_effect_scheduler.mjs:1046:39)
	    at ÉµÉµinject (node_modules/@angular/core/fesm2022/root_effect_scheduler.mjs:1058:42)
	    at Object.AuthService2_Factory [as factory] (ng:///AuthService2/Éµfac.js:5:7)
	    at node_modules/@angular/core/fesm2022/root_effect_scheduler.mjs:2187:47
	    at runInInjectorProfilerContext (node_modules/@angular/core/fesm2022/root_effect_scheduler.mjs:746:9)
Chrome 145.0.0.0 (Mac OS 10.15.7): Executed 36 of 168[31m (2 FAILED)[39m (0 secs / 0.235 secs)
[1A[2K[31mChrome 145.0.0.0 (Mac OS 10.15.7) authInterceptor should handle empty token as no token FAILED[39m
	ÉµNotFound: NG0201: No provider found for `_HttpClient`. Find more at https://v20.angular.dev/errors/NG0201
	error properties: Object({ code: -201, ngErrorCode: -201, ngErrorMessage: 'No provider found for `_HttpClient`.', ngTokenPath: [ 'AuthService2', '_HttpClient' ] })
	ÉµNotFound: NG0201: No provider found for `_HttpClient`. Find more at https://v20.angular.dev/errors/NG0201
	    at createRuntimeError (node_modules/@angular/core/fesm2022/root_effect_scheduler.mjs:921:19)
	    at NullInjector.get (node_modules/@angular/core/fesm2022/root_effect_scheduler.mjs:1489:27)
	    at R3Injector.get (node_modules/@angular/core/fesm2022/root_effect_scheduler.mjs:2045:33)
	    at R3Injector.get (node_modules/@angular/core/fesm2022/root_effect_scheduler.mjs:2045:33)
	    at R3Injector.retrieve (node_modules/@angular/core/fesm2022/root_effect_scheduler.mjs:1929:25)
	    at injectInjectorOnly (node_modules/@angular/core/fesm2022/root_effect_scheduler.mjs:1046:39)
	    at ÉµÉµinject (node_modules/@angular/core/fesm2022/root_effect_scheduler.mjs:1058:42)
	    at Object.AuthService2_Factory [as factory] (ng:///AuthService2/Éµfac.js:5:7)
	    at node_modules/@angular/core/fesm2022/root_effect_scheduler.mjs:2187:47
	    at runInInjectorProfilerContext (node_modules/@angular/core/fesm2022/root_effect_scheduler.mjs:746:9)
Chrome 145.0.0.0 (Mac OS 10.15.7): Executed 37 of 168[31m (3 FAILED)[39m (0 secs / 0.235 secs)
[1A[2K[31mChrome 145.0.0.0 (Mac OS 10.15.7) authInterceptor should pass through the request when no token FAILED[39m
	ÉµNotFound: NG0201: No provider found for `_HttpClient`. Find more at https://v20.angular.dev/errors/NG0201
	error properties: Object({ code: -201, ngErrorCode: -201, ngErrorMessage: 'No provider found for `_HttpClient`.', ngTokenPath: [ 'AuthService2', '_HttpClient' ] })
	ÉµNotFound: NG0201: No provider found for `_HttpClient`. Find more at https://v20.angular.dev/errors/NG0201
	    at createRuntimeError (node_modules/@angular/core/fesm2022/root_effect_scheduler.mjs:921:19)
	    at NullInjector.get (node_modules/@angular/core/fesm2022/root_effect_scheduler.mjs:1489:27)
	    at R3Injector.get (node_modules/@angular/core/fesm2022/root_effect_scheduler.mjs:2045:33)
	    at R3Injector.get (node_modules/@angular/core/fesm2022/root_effect_scheduler.mjs:2045:33)
	    at R3Injector.retrieve (node_modules/@angular/core/fesm2022/root_effect_scheduler.mjs:1929:25)
	    at injectInjectorOnly (node_modules/@angular/core/fesm2022/root_effect_scheduler.mjs:1046:39)
	    at ÉµÉµinject (node_modules/@angular/core/fesm2022/root_effect_scheduler.mjs:1058:42)
	    at Object.AuthService2_Factory [as factory] (ng:///AuthService2/Éµfac.js:5:7)
	    at node_modules/@angular/core/fesm2022/root_effect_scheduler.mjs:2187:47
	    at runInInjectorProfilerContext (node_modules/@angular/core/fesm2022/root_effect_scheduler.mjs:746:9)
Chrome 145.0.0.0 (Mac OS 10.15.7): Executed 38 of 168[31m (4 FAILED)[39m (0 secs / 0.235 secs)
[1A[2KChrome 145.0.0.0 (Mac OS 10.15.7): Executed 39 of 168[31m (4 FAILED)[39m (0 secs / 0.236 secs)
[1A[2KChrome 145.0.0.0 (Mac OS 10.15.7): Executed 40 of 168[31m (4 FAILED)[39m (0 secs / 0.236 secs)
[1A[2KChrome 145.0.0.0 (Mac OS 10.15.7): Executed 41 of 168[31m (4 FAILED)[39m (0 secs / 0.237 secs)
[1A[2KChrome 145.0.0.0 (Mac OS 10.15.7): Executed 42 of 168[31m (4 FAILED)[39m (0 secs / 0.237 secs)
[1A[2KChrome 145.0.0.0 (Mac OS 10.15.7): Executed 43 of 168[31m (4 FAILED)[39m (0 secs / 0.238 secs)
[1A[2KLOG: [36m'ApiService says: added new mapping', 1, 'http://example.com/old.jpg'[39m
Chrome 145.0.0.0 (Mac OS 10.15.7): Executed 43 of 168[31m (4 FAILED)[39m (0 secs / 0.238 secs)
LOG: 'ApiService says: added new mapping', 1, 'http://example.com/old.jpg'
[1A[2KLOG: [36m'ApiService says: deleted existing mapping for id: 1'[39m
Chrome 145.0.0.0 (Mac OS 10.15.7): Executed 43 of 168[31m (4 FAILED)[39m (0 secs / 0.238 secs)
LOG: 'ApiService says: deleted existing mapping for id: 1'
[1A[2KLOG: [36m'ApiService says: added new mapping', 1, 'http://example.com/new.jpg'[39m
Chrome 145.0.0.0 (Mac OS 10.15.7): Executed 43 of 168[31m (4 FAILED)[39m (0 secs / 0.238 secs)
LOG: 'ApiService says: added new mapping', 1, 'http://example.com/new.jpg'
[1A[2KChrome 145.0.0.0 (Mac OS 10.15.7): Executed 44 of 168[31m (4 FAILED)[39m (0 secs / 0.238 secs)
[1A[2KChrome 145.0.0.0 (Mac OS 10.15.7): Executed 45 of 168[31m (4 FAILED)[39m (0 secs / 0.243 secs)
[1A[2KLOG: [36m'ApiService says: added new mapping', 1, 'http://example.com/image.jpg'[39m
Chrome 145.0.0.0 (Mac OS 10.15.7): Executed 45 of 168[31m (4 FAILED)[39m (0 secs / 0.243 secs)
LOG: 'ApiService says: added new mapping', 1, 'http://example.com/image.jpg'
[1A[2KChrome 145.0.0.0 (Mac OS 10.15.7): Executed 46 of 168[31m (4 FAILED)[39m (0 secs / 0.243 secs)
[1A[2KChrome 145.0.0.0 (Mac OS 10.15.7): Executed 47 of 168[31m (4 FAILED)[39m (0 secs / 0.243 secs)
[1A[2KChrome 145.0.0.0 (Mac OS 10.15.7): Executed 48 of 168[31m (4 FAILED)[39m (0 secs / 0.244 secs)
[1A[2KChrome 145.0.0.0 (Mac OS 10.15.7): Executed 49 of 168[31m (4 FAILED)[39m (0 secs / 0.244 secs)
[1A[2KChrome 145.0.0.0 (Mac OS 10.15.7): Executed 50 of 168[31m (4 FAILED)[39m (0 secs / 0.244 secs)
[1A[2KChrome 145.0.0.0 (Mac OS 10.15.7): Executed 51 of 168[31m (4 FAILED)[39m (0 secs / 0.245 secs)
[1A[2KChrome 145.0.0.0 (Mac OS 10.15.7): Executed 52 of 168[31m (4 FAILED)[39m (0 secs / 0.245 secs)
[1A[2KChrome 145.0.0.0 (Mac OS 10.15.7): Executed 53 of 168[31m (4 FAILED)[39m (0 secs / 0.245 secs)
[1A[2KChrome 145.0.0.0 (Mac OS 10.15.7): Executed 54 of 168[31m (4 FAILED)[39m (0 secs / 0.248 secs)
[1A[2KChrome 145.0.0.0 (Mac OS 10.15.7): Executed 55 of 168[31m (4 FAILED)[39m (0 secs / 0.249 secs)
[1A[2KChrome 145.0.0.0 (Mac OS 10.15.7): Executed 56 of 168[31m (4 FAILED)[39m (0 secs / 0.249 secs)
[1A[2KChrome 145.0.0.0 (Mac OS 10.15.7): Executed 57 of 168[31m (4 FAILED)[39m (0 secs / 0.25 secs)
[1A[2KChrome 145.0.0.0 (Mac OS 10.15.7): Executed 58 of 168[31m (4 FAILED)[39m (0 secs / 0.251 secs)
[1A[2KChrome 145.0.0.0 (Mac OS 10.15.7): Executed 59 of 168[31m (4 FAILED)[39m (0 secs / 0.251 secs)
[1A[2KChrome 145.0.0.0 (Mac OS 10.15.7): Executed 60 of 168[31m (4 FAILED)[39m (0 secs / 0.252 secs)
[1A[2KChrome 145.0.0.0 (Mac OS 10.15.7): Executed 61 of 168[31m (4 FAILED)[39m (0 secs / 0.252 secs)
[1A[2KChrome 145.0.0.0 (Mac OS 10.15.7): Executed 62 of 168[31m (4 FAILED)[39m (0 secs / 0.252 secs)
[1A[2KLOG: [36m''[39m
Chrome 145.0.0.0 (Mac OS 10.15.7): Executed 62 of 168[31m (4 FAILED)[39m (0 secs / 0.252 secs)
LOG: ''
[1A[2KChrome 145.0.0.0 (Mac OS 10.15.7): Executed 63 of 168[31m (4 FAILED)[39m (0 secs / 0.255 secs)
[1A[2KLOG: [36m''[39m
Chrome 145.0.0.0 (Mac OS 10.15.7): Executed 63 of 168[31m (4 FAILED)[39m (0 secs / 0.255 secs)
LOG: ''
[1A[2KChrome 145.0.0.0 (Mac OS 10.15.7): Executed 64 of 168[31m (4 FAILED)[39m (0 secs / 0.255 secs)
[1A[2KLOG: [36m''[39m
Chrome 145.0.0.0 (Mac OS 10.15.7): Executed 64 of 168[31m (4 FAILED)[39m (0 secs / 0.255 secs)
LOG: ''
[1A[2KChrome 145.0.0.0 (Mac OS 10.15.7): Executed 65 of 168[31m (4 FAILED)[39m (0 secs / 0.256 secs)
[1A[2KLOG: [36m''[39m
Chrome 145.0.0.0 (Mac OS 10.15.7): Executed 65 of 168[31m (4 FAILED)[39m (0 secs / 0.256 secs)
LOG: ''
[1A[2KChrome 145.0.0.0 (Mac OS 10.15.7): Executed 66 of 168[31m (4 FAILED)[39m (0 secs / 0.256 secs)
[1A[2KLOG: [36m''[39m
Chrome 145.0.0.0 (Mac OS 10.15.7): Executed 66 of 168[31m (4 FAILED)[39m (0 secs / 0.256 secs)
LOG: ''
[1A[2KChrome 145.0.0.0 (Mac OS 10.15.7): Executed 67 of 168[31m (4 FAILED)[39m (0 secs / 0.257 secs)
[1A[2KLOG: [36m''[39m
Chrome 145.0.0.0 (Mac OS 10.15.7): Executed 67 of 168[31m (4 FAILED)[39m (0 secs / 0.257 secs)
LOG: ''
[1A[2KChrome 145.0.0.0 (Mac OS 10.15.7): Executed 68 of 168[31m (4 FAILED)[39m (0 secs / 0.258 secs)
[1A[2KLOG: [36m''[39m
Chrome 145.0.0.0 (Mac OS 10.15.7): Executed 68 of 168[31m (4 FAILED)[39m (0 secs / 0.258 secs)
LOG: ''
[1A[2KChrome 145.0.0.0 (Mac OS 10.15.7): Executed 69 of 168[31m (4 FAILED)[39m (0 secs / 0.258 secs)
[1A[2KLOG: [36m''[39m
Chrome 145.0.0.0 (Mac OS 10.15.7): Executed 69 of 168[31m (4 FAILED)[39m (0 secs / 0.258 secs)
LOG: ''
[1A[2KChrome 145.0.0.0 (Mac OS 10.15.7): Executed 70 of 168[31m (4 FAILED)[39m (0 secs / 0.259 secs)
[1A[2KChrome 145.0.0.0 (Mac OS 10.15.7): Executed 71 of 168[31m (4 FAILED)[39m (0 secs / 0.263 secs)
[1A[2KChrome 145.0.0.0 (Mac OS 10.15.7): Executed 72 of 168[31m (4 FAILED)[39m (0 secs / 0.264 secs)
[1A[2KLOG: [36m'AuthService: nessun token fornito'[39m
Chrome 145.0.0.0 (Mac OS 10.15.7): Executed 72 of 168[31m (4 FAILED)[39m (0 secs / 0.264 secs)
LOG: 'AuthService: nessun token fornito'
[1A[2KChrome 145.0.0.0 (Mac OS 10.15.7): Executed 73 of 168[31m (4 FAILED)[39m (0 secs / 0.266 secs)
[1A[2KLOG: [36m'AuthService: nessun token fornito'[39m
Chrome 145.0.0.0 (Mac OS 10.15.7): Executed 73 of 168[31m (4 FAILED)[39m (0 secs / 0.266 secs)
LOG: 'AuthService: nessun token fornito'
[1A[2KChrome 145.0.0.0 (Mac OS 10.15.7): Executed 74 of 168[31m (4 FAILED)[39m (0 secs / 0.268 secs)
[1A[2KLOG: [36m'AuthService: token salvato, in validazione...'[39m
Chrome 145.0.0.0 (Mac OS 10.15.7): Executed 74 of 168[31m (4 FAILED)[39m (0 secs / 0.268 secs)
LOG: 'AuthService: token salvato, in validazione...'
[1A[2KLOG: [36m'AuthService: token valido'[39m
Chrome 145.0.0.0 (Mac OS 10.15.7): Executed 74 of 168[31m (4 FAILED)[39m (0 secs / 0.268 secs)
LOG: 'AuthService: token valido'
[1A[2KChrome 145.0.0.0 (Mac OS 10.15.7): Executed 75 of 168[31m (4 FAILED)[39m (0 secs / 0.269 secs)
[1A[2KLOG: [36m'AuthService: token salvato, in validazione...'[39m
Chrome 145.0.0.0 (Mac OS 10.15.7): Executed 75 of 168[31m (4 FAILED)[39m (0 secs / 0.269 secs)
LOG: 'AuthService: token salvato, in validazione...'
[1A[2KLOG: [36m'AuthService: token valido'[39m
Chrome 145.0.0.0 (Mac OS 10.15.7): Executed 75 of 168[31m (4 FAILED)[39m (0 secs / 0.269 secs)
LOG: 'AuthService: token valido'
[1A[2KChrome 145.0.0.0 (Mac OS 10.15.7): Executed 76 of 168[31m (4 FAILED)[39m (0 secs / 0.27 secs)
[1A[2KChrome 145.0.0.0 (Mac OS 10.15.7): Executed 77 of 168[31m (4 FAILED)[39m (0 secs / 0.272 secs)
[1A[2KChrome 145.0.0.0 (Mac OS 10.15.7): Executed 78 of 168[31m (4 FAILED)[39m (0 secs / 0.273 secs)
[1A[2KChrome 145.0.0.0 (Mac OS 10.15.7): Executed 79 of 168[31m (4 FAILED)[39m (0 secs / 0.274 secs)
[1A[2KChrome 145.0.0.0 (Mac OS 10.15.7): Executed 80 of 168[31m (4 FAILED)[39m (0 secs / 0.274 secs)
[1A[2KChrome 145.0.0.0 (Mac OS 10.15.7): Executed 81 of 168[31m (4 FAILED)[39m (0 secs / 0.274 secs)
[1A[2KLOG: [36m'custom-dialog-container says closed'[39m
Chrome 145.0.0.0 (Mac OS 10.15.7): Executed 81 of 168[31m (4 FAILED)[39m (0 secs / 0.274 secs)
LOG: 'custom-dialog-container says closed'
[1A[2KChrome 145.0.0.0 (Mac OS 10.15.7): Executed 82 of 168[31m (4 FAILED)[39m (0 secs / 0.275 secs)
[1A[2K[31mChrome 145.0.0.0 (Mac OS 10.15.7) AppComponent should render router-outlet FAILED[39m
	ÉµNotFound: NG0201: No provider found for `_HttpClient`. Source: Standalone[AppComponent2]. Path: AuthService2 -> _HttpClient. Find more at https://v20.angular.dev/errors/NG0201
	error properties: Object({ code: -201, ngErrorCode: -201, ngErrorMessage: 'No provider found for `_HttpClient`.', ngTokenPath: [ 'AuthService2', '_HttpClient' ] })
	ÉµNotFound: NG0201: No provider found for `_HttpClient`. Source: Standalone[AppComponent2]. Path: AuthService2 -> _HttpClient. Find more at https://v20.angular.dev/errors/NG0201
	    at createRuntimeError (node_modules/@angular/core/fesm2022/root_effect_scheduler.mjs:921:19)
	    at NullInjector.get (node_modules/@angular/core/fesm2022/root_effect_scheduler.mjs:1489:27)
	    at R3Injector.get (node_modules/@angular/core/fesm2022/root_effect_scheduler.mjs:2045:33)
	    at R3Injector.get (node_modules/@angular/core/fesm2022/root_effect_scheduler.mjs:2045:33)
	    at R3Injector.retrieve (node_modules/@angular/core/fesm2022/root_effect_scheduler.mjs:1929:25)
	    at injectInjectorOnly (node_modules/@angular/core/fesm2022/root_effect_scheduler.mjs:1046:39)
	    at ÉµÉµinject (node_modules/@angular/core/fesm2022/root_effect_scheduler.mjs:1058:42)
	    at Object.AuthService2_Factory [as factory] (ng:///AuthService2/Éµfac.js:5:7)
	    at node_modules/@angular/core/fesm2022/root_effect_scheduler.mjs:2187:47
	    at runInInjectorProfilerContext (node_modules/@angular/core/fesm2022/root_effect_scheduler.mjs:746:9)
Chrome 145.0.0.0 (Mac OS 10.15.7): Executed 83 of 168[31m (5 FAILED)[39m (0 secs / 0.276 secs)
[1A[2K[31mChrome 145.0.0.0 (Mac OS 10.15.7) AppComponent should create the app FAILED[39m
	ÉµNotFound: NG0201: No provider found for `_HttpClient`. Source: Standalone[AppComponent2]. Path: AuthService2 -> _HttpClient. Find more at https://v20.angular.dev/errors/NG0201
	error properties: Object({ code: -201, ngErrorCode: -201, ngErrorMessage: 'No provider found for `_HttpClient`.', ngTokenPath: [ 'AuthService2', '_HttpClient' ] })
	ÉµNotFound: NG0201: No provider found for `_HttpClient`. Source: Standalone[AppComponent2]. Path: AuthService2 -> _HttpClient. Find more at https://v20.angular.dev/errors/NG0201
	    at createRuntimeError (node_modules/@angular/core/fesm2022/root_effect_scheduler.mjs:921:19)
	    at NullInjector.get (node_modules/@angular/core/fesm2022/root_effect_scheduler.mjs:1489:27)
	    at R3Injector.get (node_modules/@angular/core/fesm2022/root_effect_scheduler.mjs:2045:33)
	    at R3Injector.get (node_modules/@angular/core/fesm2022/root_effect_scheduler.mjs:2045:33)
	    at R3Injector.retrieve (node_modules/@angular/core/fesm2022/root_effect_scheduler.mjs:1929:25)
	    at injectInjectorOnly (node_modules/@angular/core/fesm2022/root_effect_scheduler.mjs:1046:39)
	    at ÉµÉµinject (node_modules/@angular/core/fesm2022/root_effect_scheduler.mjs:1058:42)
	    at Object.AuthService2_Factory [as factory] (ng:///AuthService2/Éµfac.js:5:7)
	    at node_modules/@angular/core/fesm2022/root_effect_scheduler.mjs:2187:47
	    at runInInjectorProfilerContext (node_modules/@angular/core/fesm2022/root_effect_scheduler.mjs:746:9)
Chrome 145.0.0.0 (Mac OS 10.15.7): Executed 84 of 168[31m (6 FAILED)[39m (0 secs / 0.277 secs)
[1A[2K[31mChrome 145.0.0.0 (Mac OS 10.15.7) AppComponent should have the 'urban-ideas' title FAILED[39m
	ÉµNotFound: NG0201: No provider found for `_HttpClient`. Source: Standalone[AppComponent2]. Path: AuthService2 -> _HttpClient. Find more at https://v20.angular.dev/errors/NG0201
	error properties: Object({ code: -201, ngErrorCode: -201, ngErrorMessage: 'No provider found for `_HttpClient`.', ngTokenPath: [ 'AuthService2', '_HttpClient' ] })
	ÉµNotFound: NG0201: No provider found for `_HttpClient`. Source: Standalone[AppComponent2]. Path: AuthService2 -> _HttpClient. Find more at https://v20.angular.dev/errors/NG0201
	    at createRuntimeError (node_modules/@angular/core/fesm2022/root_effect_scheduler.mjs:921:19)
	    at NullInjector.get (node_modules/@angular/core/fesm2022/root_effect_scheduler.mjs:1489:27)
	    at R3Injector.get (node_modules/@angular/core/fesm2022/root_effect_scheduler.mjs:2045:33)
	    at R3Injector.get (node_modules/@angular/core/fesm2022/root_effect_scheduler.mjs:2045:33)
	    at R3Injector.retrieve (node_modules/@angular/core/fesm2022/root_effect_scheduler.mjs:1929:25)
	    at injectInjectorOnly (node_modules/@angular/core/fesm2022/root_effect_scheduler.mjs:1046:39)
	    at ÉµÉµinject (node_modules/@angular/core/fesm2022/root_effect_scheduler.mjs:1058:42)
	    at Object.AuthService2_Factory [as factory] (ng:///AuthService2/Éµfac.js:5:7)
	    at node_modules/@angular/core/fesm2022/root_effect_scheduler.mjs:2187:47
	    at runInInjectorProfilerContext (node_modules/@angular/core/fesm2022/root_effect_scheduler.mjs:746:9)
Chrome 145.0.0.0 (Mac OS 10.15.7): Executed 85 of 168[31m (7 FAILED)[39m (0 secs / 0.278 secs)
[1A[2KLOG: [36m''[39m
Chrome 145.0.0.0 (Mac OS 10.15.7): Executed 85 of 168[31m (7 FAILED)[39m (0 secs / 0.278 secs)
LOG: ''
[1A[2KLOG: [36m'user-details-header says: emitting', ''[39m
Chrome 145.0.0.0 (Mac OS 10.15.7): Executed 85 of 168[31m (7 FAILED)[39m (0 secs / 0.278 secs)
LOG: 'user-details-header says: emitting', ''
[1A[2KChrome 145.0.0.0 (Mac OS 10.15.7): Executed 86 of 168[31m (7 FAILED)[39m (0 secs / 0.282 secs)
[1A[2KLOG: [36m''[39m
Chrome 145.0.0.0 (Mac OS 10.15.7): Executed 86 of 168[31m (7 FAILED)[39m (0 secs / 0.282 secs)
LOG: ''
[1A[2KLOG: [36m'user-details-header says: emitting', ''[39m
Chrome 145.0.0.0 (Mac OS 10.15.7): Executed 86 of 168[31m (7 FAILED)[39m (0 secs / 0.282 secs)
LOG: 'user-details-header says: emitting', ''
[1A[2KLOG: [36m'user-list-header says: new user clicked'[39m
Chrome 145.0.0.0 (Mac OS 10.15.7): Executed 86 of 168[31m (7 FAILED)[39m (0 secs / 0.282 secs)
LOG: 'user-list-header says: new user clicked'
[1A[2KChrome 145.0.0.0 (Mac OS 10.15.7): Executed 87 of 168[31m (7 FAILED)[39m (0 secs / 0.283 secs)
[1A[2KLOG: [36m''[39m
Chrome 145.0.0.0 (Mac OS 10.15.7): Executed 87 of 168[31m (7 FAILED)[39m (0 secs / 0.283 secs)
LOG: ''
[1A[2KLOG: [36m'user-details-header says: emitting', ''[39m
Chrome 145.0.0.0 (Mac OS 10.15.7): Executed 87 of 168[31m (7 FAILED)[39m (0 secs / 0.283 secs)
LOG: 'user-details-header says: emitting', ''
[1A[2KLOG: [36m'user-list-header says grid cols clicked: ', 3[39m
Chrome 145.0.0.0 (Mac OS 10.15.7): Executed 87 of 168[31m (7 FAILED)[39m (0 secs / 0.283 secs)
LOG: 'user-list-header says grid cols clicked: ', 3
[1A[2KChrome 145.0.0.0 (Mac OS 10.15.7): Executed 88 of 168[31m (7 FAILED)[39m (0 secs / 0.287 secs)
[1A[2KLOG: [36m''[39m
Chrome 145.0.0.0 (Mac OS 10.15.7): Executed 88 of 168[31m (7 FAILED)[39m (0 secs / 0.287 secs)
LOG: ''
[1A[2KLOG: [36m'user-details-header says: emitting', ''[39m
Chrome 145.0.0.0 (Mac OS 10.15.7): Executed 88 of 168[31m (7 FAILED)[39m (0 secs / 0.287 secs)
LOG: 'user-details-header says: emitting', ''
[1A[2KChrome 145.0.0.0 (Mac OS 10.15.7): Executed 89 of 168[31m (7 FAILED)[39m (0 secs / 0.289 secs)
[1A[2KLOG: [36m''[39m
Chrome 145.0.0.0 (Mac OS 10.15.7): Executed 89 of 168[31m (7 FAILED)[39m (0 secs / 0.289 secs)
LOG: ''
[1A[2KLOG: [36m'user-details-header says: emitting', ''[39m
Chrome 145.0.0.0 (Mac OS 10.15.7): Executed 89 of 168[31m (7 FAILED)[39m (0 secs / 0.289 secs)
LOG: 'user-details-header says: emitting', ''
[1A[2KChrome 145.0.0.0 (Mac OS 10.15.7): Executed 90 of 168[31m (7 FAILED)[39m (0 secs / 0.29 secs)
[1A[2KLOG: [36m''[39m
Chrome 145.0.0.0 (Mac OS 10.15.7): Executed 90 of 168[31m (7 FAILED)[39m (0 secs / 0.29 secs)
LOG: ''
[1A[2KLOG: [36m'user-details-header says: emitting', ''[39m
Chrome 145.0.0.0 (Mac OS 10.15.7): Executed 90 of 168[31m (7 FAILED)[39m (0 secs / 0.29 secs)
LOG: 'user-details-header says: emitting', ''
[1A[2KChrome 145.0.0.0 (Mac OS 10.15.7): Executed 91 of 168[31m (7 FAILED)[39m (0 secs / 0.292 secs)
[1A[2KLOG: [36m''[39m
Chrome 145.0.0.0 (Mac OS 10.15.7): Executed 91 of 168[31m (7 FAILED)[39m (0 secs / 0.292 secs)
LOG: ''
[1A[2KLOG: [36m'user-details-header says: emitting', ''[39m
Chrome 145.0.0.0 (Mac OS 10.15.7): Executed 91 of 168[31m (7 FAILED)[39m (0 secs / 0.292 secs)
LOG: 'user-details-header says: emitting', ''
[1A[2KChrome 145.0.0.0 (Mac OS 10.15.7): Executed 92 of 168[31m (7 FAILED)[39m (0 secs / 0.293 secs)
[1A[2KLOG: [36m''[39m
Chrome 145.0.0.0 (Mac OS 10.15.7): Executed 92 of 168[31m (7 FAILED)[39m (0 secs / 0.293 secs)
LOG: ''
[1A[2KLOG: [36m'user-details-header says: emitting', ''[39m
Chrome 145.0.0.0 (Mac OS 10.15.7): Executed 92 of 168[31m (7 FAILED)[39m (0 secs / 0.293 secs)
LOG: 'user-details-header says: emitting', ''
[1A[2KLOG: [36m'user-details-header says: emitting', 'test'[39m
Chrome 145.0.0.0 (Mac OS 10.15.7): Executed 92 of 168[31m (7 FAILED)[39m (0 secs / 0.293 secs)
LOG: 'user-details-header says: emitting', 'test'
[1A[2KChrome 145.0.0.0 (Mac OS 10.15.7): Executed 93 of 168[31m (7 FAILED)[39m (0 secs / 0.294 secs)
[1A[2KChrome 145.0.0.0 (Mac OS 10.15.7): Executed 94 of 168[31m (7 FAILED)[39m (0 secs / 0.295 secs)
[1A[2KChrome 145.0.0.0 (Mac OS 10.15.7): Executed 95 of 168[31m (7 FAILED)[39m (0 secs / 0.299 secs)
[1A[2KChrome 145.0.0.0 (Mac OS 10.15.7): Executed 96 of 168[31m (7 FAILED)[39m (0 secs / 0.3 secs)
[1A[2KChrome 145.0.0.0 (Mac OS 10.15.7): Executed 97 of 168[31m (7 FAILED)[39m (0 secs / 0.3 secs)
[1A[2KLOG: [36m'custom button[Input Signal: ]says clicked'[39m
Chrome 145.0.0.0 (Mac OS 10.15.7): Executed 97 of 168[31m (7 FAILED)[39m (0 secs / 0.3 secs)
LOG: 'custom button[Input Signal: ]says clicked'
[1A[2KChrome 145.0.0.0 (Mac OS 10.15.7): Executed 98 of 168[31m (7 FAILED)[39m (0 secs / 0.301 secs)
[1A[2KChrome 145.0.0.0 (Mac OS 10.15.7): Executed 99 of 168[31m (7 FAILED)[39m (0 secs / 0.302 secs)
[1A[2KChrome 145.0.0.0 (Mac OS 10.15.7): Executed 100 of 168[31m (7 FAILED)[39m (0 secs / 0.302 secs)
[1A[2KChrome 145.0.0.0 (Mac OS 10.15.7): Executed 101 of 168[31m (7 FAILED)[39m (0 secs / 0.303 secs)
[1A[2KChrome 145.0.0.0 (Mac OS 10.15.7): Executed 102 of 168[31m (7 FAILED)[39m (0 secs / 0.303 secs)
[1A[2KChrome 145.0.0.0 (Mac OS 10.15.7): Executed 103 of 168[31m (7 FAILED)[39m (0 secs / 0.305 secs)
[1A[2KChrome 145.0.0.0 (Mac OS 10.15.7): Executed 104 of 168[31m (7 FAILED)[39m (0 secs / 0.305 secs)
[1A[2KChrome 145.0.0.0 (Mac OS 10.15.7): Executed 105 of 168[31m (7 FAILED)[39m (0 secs / 0.306 secs)
[1A[2KChrome 145.0.0.0 (Mac OS 10.15.7): Executed 106 of 168[31m (7 FAILED)[39m (0 secs / 0.306 secs)
[1A[2KChrome 145.0.0.0 (Mac OS 10.15.7): Executed 107 of 168[31m (7 FAILED)[39m (0 secs / 0.307 secs)
[1A[2KChrome 145.0.0.0 (Mac OS 10.15.7): Executed 108 of 168[31m (7 FAILED)[39m (0 secs / 0.307 secs)
[1A[2KChrome 145.0.0.0 (Mac OS 10.15.7): Executed 109 of 168[31m (7 FAILED)[39m (0 secs / 0.308 secs)
[1A[2KChrome 145.0.0.0 (Mac OS 10.15.7): Executed 110 of 168[31m (7 FAILED)[39m (0 secs / 0.308 secs)
[1A[2KLOG: [36m'PostListComponent says: initialized'[39m
Chrome 145.0.0.0 (Mac OS 10.15.7): Executed 110 of 168[31m (7 FAILED)[39m (0 secs / 0.308 secs)
LOG: 'PostListComponent says: initialized'
[1A[2KLOG: [36m'post-list-component says: ', [Signal: [object Object],[object Object],[object Object]][39m
Chrome 145.0.0.0 (Mac OS 10.15.7): Executed 110 of 168[31m (7 FAILED)[39m (0 secs / 0.308 secs)
LOG: 'post-list-component says: ', [Signal: [object Object],[object Object],[object Object]]
[1A[2KLOG: [36m'user-post-card initialized'[39m
Chrome 145.0.0.0 (Mac OS 10.15.7): Executed 110 of 168[31m (7 FAILED)[39m (0 secs / 0.308 secs)
LOG: 'user-post-card initialized'
[1A[2KLOG: [36m'user-post-card initialized'[39m
Chrome 145.0.0.0 (Mac OS 10.15.7): Executed 110 of 168[31m (7 FAILED)[39m (0 secs / 0.308 secs)
LOG: 'user-post-card initialized'
[1A[2KLOG: [36m'user-post-card initialized'[39m
Chrome 145.0.0.0 (Mac OS 10.15.7): Executed 110 of 168[31m (7 FAILED)[39m (0 secs / 0.308 secs)
LOG: 'user-post-card initialized'
[1A[2KLOG: [36m''[39m
Chrome 145.0.0.0 (Mac OS 10.15.7): Executed 110 of 168[31m (7 FAILED)[39m (0 secs / 0.308 secs)
LOG: ''
[1A[2KLOG: [36m'post-list says: searching for key ', ''[39m
Chrome 145.0.0.0 (Mac OS 10.15.7): Executed 110 of 168[31m (7 FAILED)[39m (0 secs / 0.308 secs)
LOG: 'post-list says: searching for key ', ''
[1A[2KLOG: [36m'post-list-component says: open create post dialog'[39m
Chrome 145.0.0.0 (Mac OS 10.15.7): Executed 110 of 168[31m (7 FAILED)[39m (0 secs / 0.308 secs)
LOG: 'post-list-component says: open create post dialog'
[1A[2KLOG: [36m'post-list-component says: dialog closed with data: ', Object{id: 4, user_id: 1, title: 'New Post', body: 'New post body'}[39m
Chrome 145.0.0.0 (Mac OS 10.15.7): Executed 110 of 168[31m (7 FAILED)[39m (0 secs / 0.308 secs)
LOG: 'post-list-component says: dialog closed with data: ', Object{id: 4, user_id: 1, title: 'New Post', body: 'New post body'}
[1A[2KChrome 145.0.0.0 (Mac OS 10.15.7): Executed 111 of 168[31m (7 FAILED)[39m (0 secs / 0.318 secs)
[1A[2KLOG: [36m'PostListComponent says: initialized'[39m
Chrome 145.0.0.0 (Mac OS 10.15.7): Executed 111 of 168[31m (7 FAILED)[39m (0 secs / 0.318 secs)
LOG: 'PostListComponent says: initialized'
[1A[2KLOG: [36m'post-list-component says: ', [Signal: [object Object],[object Object],[object Object]][39m
Chrome 145.0.0.0 (Mac OS 10.15.7): Executed 111 of 168[31m (7 FAILED)[39m (0 secs / 0.318 secs)
LOG: 'post-list-component says: ', [Signal: [object Object],[object Object],[object Object]]
[1A[2KLOG: [36m'user-post-card initialized'[39m
Chrome 145.0.0.0 (Mac OS 10.15.7): Executed 111 of 168[31m (7 FAILED)[39m (0 secs / 0.318 secs)
LOG: 'user-post-card initialized'
[1A[2KLOG: [36m'user-post-card initialized'[39m
Chrome 145.0.0.0 (Mac OS 10.15.7): Executed 111 of 168[31m (7 FAILED)[39m (0 secs / 0.318 secs)
LOG: 'user-post-card initialized'
[1A[2KLOG: [36m'user-post-card initialized'[39m
Chrome 145.0.0.0 (Mac OS 10.15.7): Executed 111 of 168[31m (7 FAILED)[39m (0 secs / 0.318 secs)
LOG: 'user-post-card initialized'
[1A[2KLOG: [36m''[39m
Chrome 145.0.0.0 (Mac OS 10.15.7): Executed 111 of 168[31m (7 FAILED)[39m (0 secs / 0.318 secs)
LOG: ''
[1A[2KLOG: [36m'post-list says: searching for key ', ''[39m
Chrome 145.0.0.0 (Mac OS 10.15.7): Executed 111 of 168[31m (7 FAILED)[39m (0 secs / 0.318 secs)
LOG: 'post-list says: searching for key ', ''
[1A[2KLOG: [36m'post-list-component says grid cols clicked: ', 3[39m
Chrome 145.0.0.0 (Mac OS 10.15.7): Executed 111 of 168[31m (7 FAILED)[39m (0 secs / 0.318 secs)
LOG: 'post-list-component says grid cols clicked: ', 3
[1A[2KChrome 145.0.0.0 (Mac OS 10.15.7): Executed 112 of 168[31m (7 FAILED)[39m (0 secs / 0.322 secs)
[1A[2KLOG: [36m'PostListComponent says: initialized'[39m
Chrome 145.0.0.0 (Mac OS 10.15.7): Executed 112 of 168[31m (7 FAILED)[39m (0 secs / 0.322 secs)
LOG: 'PostListComponent says: initialized'
[1A[2KLOG: [36m'post-list-component says: ', [Signal: [object Object],[object Object],[object Object]][39m
Chrome 145.0.0.0 (Mac OS 10.15.7): Executed 112 of 168[31m (7 FAILED)[39m (0 secs / 0.322 secs)
LOG: 'post-list-component says: ', [Signal: [object Object],[object Object],[object Object]]
[1A[2KLOG: [36m'user-post-card initialized'[39m
Chrome 145.0.0.0 (Mac OS 10.15.7): Executed 112 of 168[31m (7 FAILED)[39m (0 secs / 0.322 secs)
LOG: 'user-post-card initialized'
[1A[2KLOG: [36m'user-post-card initialized'[39m
Chrome 145.0.0.0 (Mac OS 10.15.7): Executed 112 of 168[31m (7 FAILED)[39m (0 secs / 0.322 secs)
LOG: 'user-post-card initialized'
[1A[2KLOG: [36m'user-post-card initialized'[39m
Chrome 145.0.0.0 (Mac OS 10.15.7): Executed 112 of 168[31m (7 FAILED)[39m (0 secs / 0.322 secs)
LOG: 'user-post-card initialized'
[1A[2KLOG: [36m''[39m
Chrome 145.0.0.0 (Mac OS 10.15.7): Executed 112 of 168[31m (7 FAILED)[39m (0 secs / 0.322 secs)
LOG: ''
[1A[2KLOG: [36m'post-list says: searching for key ', ''[39m
Chrome 145.0.0.0 (Mac OS 10.15.7): Executed 112 of 168[31m (7 FAILED)[39m (0 secs / 0.322 secs)
LOG: 'post-list says: searching for key ', ''
[1A[2KLOG: [36m'post-list says: searching for key ', 'first'[39m
Chrome 145.0.0.0 (Mac OS 10.15.7): Executed 112 of 168[31m (7 FAILED)[39m (0 secs / 0.322 secs)
LOG: 'post-list says: searching for key ', 'first'
[1A[2KChrome 145.0.0.0 (Mac OS 10.15.7): Executed 113 of 168[31m (7 FAILED)[39m (0 secs / 0.325 secs)
[1A[2KLOG: [36m'PostListComponent says: initialized'[39m
Chrome 145.0.0.0 (Mac OS 10.15.7): Executed 113 of 168[31m (7 FAILED)[39m (0 secs / 0.325 secs)
LOG: 'PostListComponent says: initialized'
[1A[2KLOG: [36m'post-list-component says: ', [Signal: [object Object],[object Object],[object Object]][39m
Chrome 145.0.0.0 (Mac OS 10.15.7): Executed 113 of 168[31m (7 FAILED)[39m (0 secs / 0.325 secs)
LOG: 'post-list-component says: ', [Signal: [object Object],[object Object],[object Object]]
[1A[2KLOG: [36m'user-post-card initialized'[39m
Chrome 145.0.0.0 (Mac OS 10.15.7): Executed 113 of 168[31m (7 FAILED)[39m (0 secs / 0.325 secs)
LOG: 'user-post-card initialized'
[1A[2KLOG: [36m'user-post-card initialized'[39m
Chrome 145.0.0.0 (Mac OS 10.15.7): Executed 113 of 168[31m (7 FAILED)[39m (0 secs / 0.325 secs)
LOG: 'user-post-card initialized'
[1A[2KLOG: [36m'user-post-card initialized'[39m
Chrome 145.0.0.0 (Mac OS 10.15.7): Executed 113 of 168[31m (7 FAILED)[39m (0 secs / 0.325 secs)
LOG: 'user-post-card initialized'
[1A[2KLOG: [36m''[39m
Chrome 145.0.0.0 (Mac OS 10.15.7): Executed 113 of 168[31m (7 FAILED)[39m (0 secs / 0.325 secs)
LOG: ''
[1A[2KLOG: [36m'post-list says: searching for key ', ''[39m
Chrome 145.0.0.0 (Mac OS 10.15.7): Executed 113 of 168[31m (7 FAILED)[39m (0 secs / 0.325 secs)
LOG: 'post-list says: searching for key ', ''
[1A[2KLOG: [36m'post-list-component says: new post clicked'[39m
Chrome 145.0.0.0 (Mac OS 10.15.7): Executed 113 of 168[31m (7 FAILED)[39m (0 secs / 0.325 secs)
LOG: 'post-list-component says: new post clicked'
[1A[2KLOG: [36m'post-list-component says: open create post dialog'[39m
Chrome 145.0.0.0 (Mac OS 10.15.7): Executed 113 of 168[31m (7 FAILED)[39m (0 secs / 0.325 secs)
LOG: 'post-list-component says: open create post dialog'
[1A[2KLOG: [36m'post-list-component says: dialog closed with data: ', null[39m
Chrome 145.0.0.0 (Mac OS 10.15.7): Executed 113 of 168[31m (7 FAILED)[39m (0 secs / 0.325 secs)
LOG: 'post-list-component says: dialog closed with data: ', null
[1A[2KChrome 145.0.0.0 (Mac OS 10.15.7): Executed 114 of 168[31m (7 FAILED)[39m (0 secs / 0.328 secs)
[1A[2KLOG: [36m'PostListComponent says: initialized'[39m
Chrome 145.0.0.0 (Mac OS 10.15.7): Executed 114 of 168[31m (7 FAILED)[39m (0 secs / 0.328 secs)
LOG: 'PostListComponent says: initialized'
[1A[2KLOG: [36m'post-list-component says: ', [Signal: [object Object],[object Object],[object Object]][39m
Chrome 145.0.0.0 (Mac OS 10.15.7): Executed 114 of 168[31m (7 FAILED)[39m (0 secs / 0.328 secs)
LOG: 'post-list-component says: ', [Signal: [object Object],[object Object],[object Object]]
[1A[2KLOG: [36m'user-post-card initialized'[39m
Chrome 145.0.0.0 (Mac OS 10.15.7): Executed 114 of 168[31m (7 FAILED)[39m (0 secs / 0.328 secs)
LOG: 'user-post-card initialized'
[1A[2KLOG: [36m'user-post-card initialized'[39m
Chrome 145.0.0.0 (Mac OS 10.15.7): Executed 114 of 168[31m (7 FAILED)[39m (0 secs / 0.328 secs)
LOG: 'user-post-card initialized'
[1A[2KLOG: [36m'user-post-card initialized'[39m
Chrome 145.0.0.0 (Mac OS 10.15.7): Executed 114 of 168[31m (7 FAILED)[39m (0 secs / 0.328 secs)
LOG: 'user-post-card initialized'
[1A[2KLOG: [36m''[39m
Chrome 145.0.0.0 (Mac OS 10.15.7): Executed 114 of 168[31m (7 FAILED)[39m (0 secs / 0.328 secs)
LOG: ''
[1A[2KLOG: [36m'post-list says: searching for key ', ''[39m
Chrome 145.0.0.0 (Mac OS 10.15.7): Executed 114 of 168[31m (7 FAILED)[39m (0 secs / 0.328 secs)
LOG: 'post-list says: searching for key ', ''
[1A[2KChrome 145.0.0.0 (Mac OS 10.15.7): Executed 115 of 168[31m (7 FAILED)[39m (0 secs / 0.331 secs)
[1A[2KLOG: [36m'PostListComponent says: initialized'[39m
Chrome 145.0.0.0 (Mac OS 10.15.7): Executed 115 of 168[31m (7 FAILED)[39m (0 secs / 0.331 secs)
LOG: 'PostListComponent says: initialized'
[1A[2KLOG: [36m'post-list-component says: ', [Signal: [object Object],[object Object],[object Object]][39m
Chrome 145.0.0.0 (Mac OS 10.15.7): Executed 115 of 168[31m (7 FAILED)[39m (0 secs / 0.331 secs)
LOG: 'post-list-component says: ', [Signal: [object Object],[object Object],[object Object]]
[1A[2KLOG: [36m'user-post-card initialized'[39m
Chrome 145.0.0.0 (Mac OS 10.15.7): Executed 115 of 168[31m (7 FAILED)[39m (0 secs / 0.331 secs)
LOG: 'user-post-card initialized'
[1A[2KLOG: [36m'user-post-card initialized'[39m
Chrome 145.0.0.0 (Mac OS 10.15.7): Executed 115 of 168[31m (7 FAILED)[39m (0 secs / 0.331 secs)
LOG: 'user-post-card initialized'
[1A[2KLOG: [36m'user-post-card initialized'[39m
Chrome 145.0.0.0 (Mac OS 10.15.7): Executed 115 of 168[31m (7 FAILED)[39m (0 secs / 0.331 secs)
LOG: 'user-post-card initialized'
[1A[2KLOG: [36m''[39m
Chrome 145.0.0.0 (Mac OS 10.15.7): Executed 115 of 168[31m (7 FAILED)[39m (0 secs / 0.331 secs)
LOG: ''
[1A[2KLOG: [36m'post-list says: searching for key ', ''[39m
Chrome 145.0.0.0 (Mac OS 10.15.7): Executed 115 of 168[31m (7 FAILED)[39m (0 secs / 0.331 secs)
LOG: 'post-list says: searching for key ', ''
[1A[2KChrome 145.0.0.0 (Mac OS 10.15.7): Executed 116 of 168[31m (7 FAILED)[39m (0 secs / 0.334 secs)
[1A[2KLOG: [36m'PostListComponent says: initialized'[39m
Chrome 145.0.0.0 (Mac OS 10.15.7): Executed 116 of 168[31m (7 FAILED)[39m (0 secs / 0.334 secs)
LOG: 'PostListComponent says: initialized'
[1A[2KLOG: [36m'post-list-component says: ', [Signal: [object Object],[object Object],[object Object]][39m
Chrome 145.0.0.0 (Mac OS 10.15.7): Executed 116 of 168[31m (7 FAILED)[39m (0 secs / 0.334 secs)
LOG: 'post-list-component says: ', [Signal: [object Object],[object Object],[object Object]]
[1A[2KLOG: [36m'user-post-card initialized'[39m
Chrome 145.0.0.0 (Mac OS 10.15.7): Executed 116 of 168[31m (7 FAILED)[39m (0 secs / 0.334 secs)
LOG: 'user-post-card initialized'
[1A[2KLOG: [36m'user-post-card initialized'[39m
Chrome 145.0.0.0 (Mac OS 10.15.7): Executed 116 of 168[31m (7 FAILED)[39m (0 secs / 0.334 secs)
LOG: 'user-post-card initialized'
[1A[2KLOG: [36m'user-post-card initialized'[39m
Chrome 145.0.0.0 (Mac OS 10.15.7): Executed 116 of 168[31m (7 FAILED)[39m (0 secs / 0.334 secs)
LOG: 'user-post-card initialized'
[1A[2KLOG: [36m''[39m
Chrome 145.0.0.0 (Mac OS 10.15.7): Executed 116 of 168[31m (7 FAILED)[39m (0 secs / 0.334 secs)
LOG: ''
[1A[2KLOG: [36m'post-list says: searching for key ', ''[39m
Chrome 145.0.0.0 (Mac OS 10.15.7): Executed 116 of 168[31m (7 FAILED)[39m (0 secs / 0.334 secs)
LOG: 'post-list says: searching for key ', ''
[1A[2KLOG: [36m'post-list-component says: open create post dialog'[39m
Chrome 145.0.0.0 (Mac OS 10.15.7): Executed 116 of 168[31m (7 FAILED)[39m (0 secs / 0.334 secs)
LOG: 'post-list-component says: open create post dialog'
[1A[2KLOG: [36m'post-list-component says: dialog closed with data: ', Object{id: 4, user_id: 1, title: 'New Post', body: 'New post body'}[39m
Chrome 145.0.0.0 (Mac OS 10.15.7): Executed 116 of 168[31m (7 FAILED)[39m (0 secs / 0.334 secs)
LOG: 'post-list-component says: dialog closed with data: ', Object{id: 4, user_id: 1, title: 'New Post', body: 'New post body'}
[1A[2KLOG: [36m'post-list-component says: ', [Signal: [object Object],[object Object],[object Object]][39m
Chrome 145.0.0.0 (Mac OS 10.15.7): Executed 116 of 168[31m (7 FAILED)[39m (0 secs / 0.334 secs)
LOG: 'post-list-component says: ', [Signal: [object Object],[object Object],[object Object]]
[1A[2KChrome 145.0.0.0 (Mac OS 10.15.7): Executed 117 of 168[31m (7 FAILED)[39m (0 secs / 0.337 secs)
[1A[2KLOG: [36m'PostListComponent says: initialized'[39m
Chrome 145.0.0.0 (Mac OS 10.15.7): Executed 117 of 168[31m (7 FAILED)[39m (0 secs / 0.337 secs)
LOG: 'PostListComponent says: initialized'
[1A[2KLOG: [36m'post-list-component says: ', [Signal: [object Object],[object Object],[object Object]][39m
Chrome 145.0.0.0 (Mac OS 10.15.7): Executed 117 of 168[31m (7 FAILED)[39m (0 secs / 0.337 secs)
LOG: 'post-list-component says: ', [Signal: [object Object],[object Object],[object Object]]
[1A[2KLOG: [36m'user-post-card initialized'[39m
Chrome 145.0.0.0 (Mac OS 10.15.7): Executed 117 of 168[31m (7 FAILED)[39m (0 secs / 0.337 secs)
LOG: 'user-post-card initialized'
[1A[2KLOG: [36m'user-post-card initialized'[39m
Chrome 145.0.0.0 (Mac OS 10.15.7): Executed 117 of 168[31m (7 FAILED)[39m (0 secs / 0.337 secs)
LOG: 'user-post-card initialized'
[1A[2KLOG: [36m'user-post-card initialized'[39m
Chrome 145.0.0.0 (Mac OS 10.15.7): Executed 117 of 168[31m (7 FAILED)[39m (0 secs / 0.337 secs)
LOG: 'user-post-card initialized'
[1A[2KLOG: [36m''[39m
Chrome 145.0.0.0 (Mac OS 10.15.7): Executed 117 of 168[31m (7 FAILED)[39m (0 secs / 0.337 secs)
LOG: ''
[1A[2KLOG: [36m'post-list says: searching for key ', ''[39m
Chrome 145.0.0.0 (Mac OS 10.15.7): Executed 117 of 168[31m (7 FAILED)[39m (0 secs / 0.337 secs)
LOG: 'post-list says: searching for key ', ''
[1A[2KChrome 145.0.0.0 (Mac OS 10.15.7): Executed 118 of 168[31m (7 FAILED)[39m (0 secs / 0.34 secs)
[1A[2KLOG: [36m'PostListComponent says: initialized'[39m
Chrome 145.0.0.0 (Mac OS 10.15.7): Executed 118 of 168[31m (7 FAILED)[39m (0 secs / 0.34 secs)
LOG: 'PostListComponent says: initialized'
[1A[2KLOG: [36m'post-list-component says: ', [Signal: [object Object],[object Object],[object Object]][39m
Chrome 145.0.0.0 (Mac OS 10.15.7): Executed 118 of 168[31m (7 FAILED)[39m (0 secs / 0.34 secs)
LOG: 'post-list-component says: ', [Signal: [object Object],[object Object],[object Object]]
[1A[2KLOG: [36m'user-post-card initialized'[39m
Chrome 145.0.0.0 (Mac OS 10.15.7): Executed 118 of 168[31m (7 FAILED)[39m (0 secs / 0.34 secs)
LOG: 'user-post-card initialized'
[1A[2KLOG: [36m'user-post-card initialized'[39m
Chrome 145.0.0.0 (Mac OS 10.15.7): Executed 118 of 168[31m (7 FAILED)[39m (0 secs / 0.34 secs)
LOG: 'user-post-card initialized'
[1A[2KLOG: [36m'user-post-card initialized'[39m
Chrome 145.0.0.0 (Mac OS 10.15.7): Executed 118 of 168[31m (7 FAILED)[39m (0 secs / 0.34 secs)
LOG: 'user-post-card initialized'
[1A[2KLOG: [36m''[39m
Chrome 145.0.0.0 (Mac OS 10.15.7): Executed 118 of 168[31m (7 FAILED)[39m (0 secs / 0.34 secs)
LOG: ''
[1A[2KLOG: [36m'post-list says: searching for key ', ''[39m
Chrome 145.0.0.0 (Mac OS 10.15.7): Executed 118 of 168[31m (7 FAILED)[39m (0 secs / 0.34 secs)
LOG: 'post-list says: searching for key ', ''
[1A[2KLOG: [36m'post-list-component says: open create post dialog'[39m
Chrome 145.0.0.0 (Mac OS 10.15.7): Executed 118 of 168[31m (7 FAILED)[39m (0 secs / 0.34 secs)
LOG: 'post-list-component says: open create post dialog'
[1A[2KLOG: [36m'post-list-component says: dialog closed with data: ', undefined[39m
Chrome 145.0.0.0 (Mac OS 10.15.7): Executed 118 of 168[31m (7 FAILED)[39m (0 secs / 0.34 secs)
LOG: 'post-list-component says: dialog closed with data: ', undefined
[1A[2KChrome 145.0.0.0 (Mac OS 10.15.7): Executed 119 of 168[31m (7 FAILED)[39m (0 secs / 0.343 secs)
[1A[2KLOG: [36m'PostListComponent says: initialized'[39m
Chrome 145.0.0.0 (Mac OS 10.15.7): Executed 119 of 168[31m (7 FAILED)[39m (0 secs / 0.343 secs)
LOG: 'PostListComponent says: initialized'
[1A[2KLOG: [36m'post-list-component says: ', [Signal: [object Object],[object Object],[object Object]][39m
Chrome 145.0.0.0 (Mac OS 10.15.7): Executed 119 of 168[31m (7 FAILED)[39m (0 secs / 0.343 secs)
LOG: 'post-list-component says: ', [Signal: [object Object],[object Object],[object Object]]
[1A[2KLOG: [36m'user-post-card initialized'[39m
Chrome 145.0.0.0 (Mac OS 10.15.7): Executed 119 of 168[31m (7 FAILED)[39m (0 secs / 0.343 secs)
LOG: 'user-post-card initialized'
[1A[2KLOG: [36m'user-post-card initialized'[39m
Chrome 145.0.0.0 (Mac OS 10.15.7): Executed 119 of 168[31m (7 FAILED)[39m (0 secs / 0.343 secs)
LOG: 'user-post-card initialized'
[1A[2KLOG: [36m'user-post-card initialized'[39m
Chrome 145.0.0.0 (Mac OS 10.15.7): Executed 119 of 168[31m (7 FAILED)[39m (0 secs / 0.343 secs)
LOG: 'user-post-card initialized'
[1A[2KLOG: [36m''[39m
Chrome 145.0.0.0 (Mac OS 10.15.7): Executed 119 of 168[31m (7 FAILED)[39m (0 secs / 0.343 secs)
LOG: ''
[1A[2KLOG: [36m'post-list says: searching for key ', ''[39m
Chrome 145.0.0.0 (Mac OS 10.15.7): Executed 119 of 168[31m (7 FAILED)[39m (0 secs / 0.343 secs)
LOG: 'post-list says: searching for key ', ''
[1A[2KLOG: [36m'post-list says: searching for key ', 'first'[39m
Chrome 145.0.0.0 (Mac OS 10.15.7): Executed 119 of 168[31m (7 FAILED)[39m (0 secs / 0.343 secs)
LOG: 'post-list says: searching for key ', 'first'
[1A[2KLOG: [36m'post-list says: searching for key ', ''[39m
Chrome 145.0.0.0 (Mac OS 10.15.7): Executed 119 of 168[31m (7 FAILED)[39m (0 secs / 0.343 secs)
LOG: 'post-list says: searching for key ', ''
[1A[2KChrome 145.0.0.0 (Mac OS 10.15.7): Executed 120 of 168[31m (7 FAILED)[39m (0 secs / 0.347 secs)
[1A[2KLOG: [36m'PostListComponent says: initialized'[39m
Chrome 145.0.0.0 (Mac OS 10.15.7): Executed 120 of 168[31m (7 FAILED)[39m (0 secs / 0.347 secs)
LOG: 'PostListComponent says: initialized'
[1A[2KLOG: [36m'post-list-component says: ', [Signal: [object Object],[object Object],[object Object]][39m
Chrome 145.0.0.0 (Mac OS 10.15.7): Executed 120 of 168[31m (7 FAILED)[39m (0 secs / 0.347 secs)
LOG: 'post-list-component says: ', [Signal: [object Object],[object Object],[object Object]]
[1A[2KLOG: [36m'user-post-card initialized'[39m
Chrome 145.0.0.0 (Mac OS 10.15.7): Executed 120 of 168[31m (7 FAILED)[39m (0 secs / 0.347 secs)
LOG: 'user-post-card initialized'
[1A[2KLOG: [36m'user-post-card initialized'[39m
Chrome 145.0.0.0 (Mac OS 10.15.7): Executed 120 of 168[31m (7 FAILED)[39m (0 secs / 0.347 secs)
LOG: 'user-post-card initialized'
[1A[2KLOG: [36m'user-post-card initialized'[39m
Chrome 145.0.0.0 (Mac OS 10.15.7): Executed 120 of 168[31m (7 FAILED)[39m (0 secs / 0.347 secs)
LOG: 'user-post-card initialized'
[1A[2KLOG: [36m''[39m
Chrome 145.0.0.0 (Mac OS 10.15.7): Executed 120 of 168[31m (7 FAILED)[39m (0 secs / 0.347 secs)
LOG: ''
[1A[2KLOG: [36m'post-list says: searching for key ', ''[39m
Chrome 145.0.0.0 (Mac OS 10.15.7): Executed 120 of 168[31m (7 FAILED)[39m (0 secs / 0.347 secs)
LOG: 'post-list says: searching for key ', ''
[1A[2KLOG: [36m'post-list-component says: open create post dialog'[39m
Chrome 145.0.0.0 (Mac OS 10.15.7): Executed 120 of 168[31m (7 FAILED)[39m (0 secs / 0.347 secs)
LOG: 'post-list-component says: open create post dialog'
[1A[2KLOG: [36m'post-list-component says: dialog closed with data: ', null[39m
Chrome 145.0.0.0 (Mac OS 10.15.7): Executed 120 of 168[31m (7 FAILED)[39m (0 secs / 0.347 secs)
LOG: 'post-list-component says: dialog closed with data: ', null
[1A[2KChrome 145.0.0.0 (Mac OS 10.15.7): Executed 121 of 168[31m (7 FAILED)[39m (0 secs / 0.351 secs)
[1A[2KLOG: [36m'PostListComponent says: initialized'[39m
Chrome 145.0.0.0 (Mac OS 10.15.7): Executed 121 of 168[31m (7 FAILED)[39m (0 secs / 0.351 secs)
LOG: 'PostListComponent says: initialized'
[1A[2KLOG: [36m'post-list-component says: ', [Signal: [object Object],[object Object],[object Object]][39m
Chrome 145.0.0.0 (Mac OS 10.15.7): Executed 121 of 168[31m (7 FAILED)[39m (0 secs / 0.351 secs)
LOG: 'post-list-component says: ', [Signal: [object Object],[object Object],[object Object]]
[1A[2KLOG: [36m'user-post-card initialized'[39m
Chrome 145.0.0.0 (Mac OS 10.15.7): Executed 121 of 168[31m (7 FAILED)[39m (0 secs / 0.351 secs)
LOG: 'user-post-card initialized'
[1A[2KLOG: [36m'user-post-card initialized'[39m
Chrome 145.0.0.0 (Mac OS 10.15.7): Executed 121 of 168[31m (7 FAILED)[39m (0 secs / 0.351 secs)
LOG: 'user-post-card initialized'
[1A[2KLOG: [36m'user-post-card initialized'[39m
Chrome 145.0.0.0 (Mac OS 10.15.7): Executed 121 of 168[31m (7 FAILED)[39m (0 secs / 0.351 secs)
LOG: 'user-post-card initialized'
[1A[2KLOG: [36m''[39m
Chrome 145.0.0.0 (Mac OS 10.15.7): Executed 121 of 168[31m (7 FAILED)[39m (0 secs / 0.351 secs)
LOG: ''
[1A[2KLOG: [36m'post-list says: searching for key ', ''[39m
Chrome 145.0.0.0 (Mac OS 10.15.7): Executed 121 of 168[31m (7 FAILED)[39m (0 secs / 0.351 secs)
LOG: 'post-list says: searching for key ', ''
[1A[2KLOG: [36m'post-list says: searching for key ', 'FIRST'[39m
Chrome 145.0.0.0 (Mac OS 10.15.7): Executed 121 of 168[31m (7 FAILED)[39m (0 secs / 0.351 secs)
LOG: 'post-list says: searching for key ', 'FIRST'
[1A[2KChrome 145.0.0.0 (Mac OS 10.15.7): Executed 122 of 168[31m (7 FAILED)[39m (0 secs / 0.354 secs)
[1A[2KLOG: [36m'PostListComponent says: initialized'[39m
Chrome 145.0.0.0 (Mac OS 10.15.7): Executed 122 of 168[31m (7 FAILED)[39m (0 secs / 0.354 secs)
LOG: 'PostListComponent says: initialized'
[1A[2KLOG: [36m'post-list-component says: ', [Signal: [object Object],[object Object],[object Object]][39m
Chrome 145.0.0.0 (Mac OS 10.15.7): Executed 122 of 168[31m (7 FAILED)[39m (0 secs / 0.354 secs)
LOG: 'post-list-component says: ', [Signal: [object Object],[object Object],[object Object]]
[1A[2KLOG: [36m'user-post-card initialized'[39m
Chrome 145.0.0.0 (Mac OS 10.15.7): Executed 122 of 168[31m (7 FAILED)[39m (0 secs / 0.354 secs)
LOG: 'user-post-card initialized'
[1A[2KLOG: [36m'user-post-card initialized'[39m
Chrome 145.0.0.0 (Mac OS 10.15.7): Executed 122 of 168[31m (7 FAILED)[39m (0 secs / 0.354 secs)
LOG: 'user-post-card initialized'
[1A[2KLOG: [36m'user-post-card initialized'[39m
Chrome 145.0.0.0 (Mac OS 10.15.7): Executed 122 of 168[31m (7 FAILED)[39m (0 secs / 0.354 secs)
LOG: 'user-post-card initialized'
[1A[2KLOG: [36m''[39m
Chrome 145.0.0.0 (Mac OS 10.15.7): Executed 122 of 168[31m (7 FAILED)[39m (0 secs / 0.354 secs)
LOG: ''
[1A[2KLOG: [36m'post-list says: searching for key ', ''[39m
Chrome 145.0.0.0 (Mac OS 10.15.7): Executed 122 of 168[31m (7 FAILED)[39m (0 secs / 0.354 secs)
LOG: 'post-list says: searching for key ', ''
[1A[2KLOG: [36m'post-list says: searching for key ', 'second post body'[39m
Chrome 145.0.0.0 (Mac OS 10.15.7): Executed 122 of 168[31m (7 FAILED)[39m (0 secs / 0.354 secs)
LOG: 'post-list says: searching for key ', 'second post body'
[1A[2KChrome 145.0.0.0 (Mac OS 10.15.7): Executed 123 of 168[31m (7 FAILED)[39m (0 secs / 0.357 secs)
[1A[2KLOG: [36m''[39m
Chrome 145.0.0.0 (Mac OS 10.15.7): Executed 123 of 168[31m (7 FAILED)[39m (0 secs / 0.357 secs)
LOG: ''
[1A[2KChrome 145.0.0.0 (Mac OS 10.15.7): Executed 124 of 168[31m (7 FAILED)[39m (0 secs / 0.36 secs)
[1A[2KLOG: [36m''[39m
Chrome 145.0.0.0 (Mac OS 10.15.7): Executed 124 of 168[31m (7 FAILED)[39m (0 secs / 0.36 secs)
LOG: ''
[1A[2KChrome 145.0.0.0 (Mac OS 10.15.7): Executed 125 of 168[31m (7 FAILED)[39m (0 secs / 0.361 secs)
[1A[2KLOG: [36m''[39m
Chrome 145.0.0.0 (Mac OS 10.15.7): Executed 125 of 168[31m (7 FAILED)[39m (0 secs / 0.361 secs)
LOG: ''
[1A[2KChrome 145.0.0.0 (Mac OS 10.15.7): Executed 126 of 168[31m (7 FAILED)[39m (0 secs / 0.362 secs)
[1A[2KLOG: [36m''[39m
Chrome 145.0.0.0 (Mac OS 10.15.7): Executed 126 of 168[31m (7 FAILED)[39m (0 secs / 0.362 secs)
LOG: ''
[1A[2KLOG: [36m'user-list-header says grid cols clicked: ', 3[39m
Chrome 145.0.0.0 (Mac OS 10.15.7): Executed 126 of 168[31m (7 FAILED)[39m (0 secs / 0.362 secs)
LOG: 'user-list-header says grid cols clicked: ', 3
[1A[2KChrome 145.0.0.0 (Mac OS 10.15.7): Executed 127 of 168[31m (7 FAILED)[39m (0 secs / 0.363 secs)
[1A[2KLOG: [36m''[39m
Chrome 145.0.0.0 (Mac OS 10.15.7): Executed 127 of 168[31m (7 FAILED)[39m (0 secs / 0.363 secs)
LOG: ''
[1A[2KChrome 145.0.0.0 (Mac OS 10.15.7): Executed 128 of 168[31m (7 FAILED)[39m (0 secs / 0.364 secs)
[1A[2KLOG: [36m''[39m
Chrome 145.0.0.0 (Mac OS 10.15.7): Executed 128 of 168[31m (7 FAILED)[39m (0 secs / 0.364 secs)
LOG: ''
[1A[2KChrome 145.0.0.0 (Mac OS 10.15.7): Executed 129 of 168[31m (7 FAILED)[39m (0 secs / 0.368 secs)
[1A[2KLOG: [36m''[39m
Chrome 145.0.0.0 (Mac OS 10.15.7): Executed 129 of 168[31m (7 FAILED)[39m (0 secs / 0.368 secs)
LOG: ''
[1A[2KChrome 145.0.0.0 (Mac OS 10.15.7): Executed 130 of 168[31m (7 FAILED)[39m (0 secs / 0.369 secs)
[1A[2KLOG: [36m''[39m
Chrome 145.0.0.0 (Mac OS 10.15.7): Executed 130 of 168[31m (7 FAILED)[39m (0 secs / 0.369 secs)
LOG: ''
[1A[2KChrome 145.0.0.0 (Mac OS 10.15.7): Executed 131 of 168[31m (7 FAILED)[39m (0 secs / 0.37 secs)
[1A[2KLOG: [36m''[39m
Chrome 145.0.0.0 (Mac OS 10.15.7): Executed 131 of 168[31m (7 FAILED)[39m (0 secs / 0.37 secs)
LOG: ''
[1A[2KLOG: [36m'user-list-header says: new user clicked'[39m
Chrome 145.0.0.0 (Mac OS 10.15.7): Executed 131 of 168[31m (7 FAILED)[39m (0 secs / 0.37 secs)
LOG: 'user-list-header says: new user clicked'
[1A[2KChrome 145.0.0.0 (Mac OS 10.15.7): Executed 132 of 168[31m (7 FAILED)[39m (0 secs / 0.371 secs)
[1A[2KLOG: [36m''[39m
Chrome 145.0.0.0 (Mac OS 10.15.7): Executed 132 of 168[31m (7 FAILED)[39m (0 secs / 0.371 secs)
LOG: ''
[1A[2KLOG: [36m'Navigated to posts'[39m
Chrome 145.0.0.0 (Mac OS 10.15.7): Executed 132 of 168[31m (7 FAILED)[39m (0 secs / 0.371 secs)
LOG: 'Navigated to posts'
[1A[2KChrome 145.0.0.0 (Mac OS 10.15.7): Executed 133 of 168[31m (7 FAILED)[39m (0 secs / 0.372 secs)
[1A[2KChrome 145.0.0.0 (Mac OS 10.15.7): Executed 134 of 168[31m (7 FAILED)[39m (0 secs / 0.377 secs)
[1A[2KChrome 145.0.0.0 (Mac OS 10.15.7): Executed 135 of 168[31m (7 FAILED)[39m (0 secs / 0.379 secs)
[1A[2KChrome 145.0.0.0 (Mac OS 10.15.7): Executed 136 of 168[31m (7 FAILED)[39m (0 secs / 0.381 secs)
[1A[2KChrome 145.0.0.0 (Mac OS 10.15.7): Executed 137 of 168[31m (7 FAILED)[39m (0 secs / 0.382 secs)
[1A[2KChrome 145.0.0.0 (Mac OS 10.15.7): Executed 138 of 168[31m (7 FAILED)[39m (0 secs / 0.384 secs)
[1A[2KChrome 145.0.0.0 (Mac OS 10.15.7): Executed 139 of 168[31m (7 FAILED)[39m (0 secs / 0.386 secs)
[1A[2KChrome 145.0.0.0 (Mac OS 10.15.7): Executed 140 of 168[31m (7 FAILED)[39m (0 secs / 0.388 secs)
[1A[2KChrome 145.0.0.0 (Mac OS 10.15.7): Executed 141 of 168[31m (7 FAILED)[39m (0 secs / 0.389 secs)
[1A[2KChrome 145.0.0.0 (Mac OS 10.15.7): Executed 142 of 168[31m (7 FAILED)[39m (0 secs / 0.39 secs)
[1A[2KLOG: [36m'add-comment-dialog says: form submitted', FormGroup{_pendingDirty: false, _hasOwnPendingAsyncValidator: null, _pendingTouched: false, _onCollectionChange: () => this._updateDomValue(), _updateOn: undefined, _parent: null, _asyncValidationSubscription: undefined, _composedValidatorFn: null, _composedAsyncValidatorFn: null, _rawValidators: null, _rawAsyncValidators: null, value: Object{title: 'Test Comment', email: 'test@example.com', body: 'Test comment body'}, _status: [Computed: VALID], statusReactive: [Signal: VALID], errors: null, _pristine: [Computed: true], pristineReactive: [Signal: true], _touched: [Computed: false], touchedReactive: [Signal: false], _events: Subject{closed: false, currentObservers: [], observers: [], isStopped: false, hasError: false, thrownError: null}, events: _Observable{source: Subject{closed: ..., currentObservers: ..., observers: ..., isStopped: ..., hasError: ..., thrownError: ...}}, valueChanges: EventEmitter_{closed: false, currentObservers: [], observers: [], isStopped: false, hasError: false, thrownError: null, __isAsync: false, destroyRef: NodeInjectorDestroyRef{_lView: ...}, pendingTasks: _PendingTasksInternal{taskId: ..., pendingTasks: ..., destroyed: ..., pendingTask: ...}}, statusChanges: EventEmitter_{closed: false, currentObservers: [], observers: [], isStopped: false, hasError: false, thrownError: null, __isAsync: false, destroyRef: NodeInjectorDestroyRef{_lView: ...}, pendingTasks: _PendingTasksInternal{taskId: ..., pendingTasks: ..., destroyed: ..., pendingTask: ...}}, _onDisabledChange: [], controls: Object{title: FormControl2{_pendingDirty: ..., _hasOwnPendingAsyncValidator: ..., _pendingTouched: ..., _onCollectionChange: ..., _updateOn: ..., _parent: ..., _asyncValidationSubscription: ..., _composedValidatorFn: ..., _composedAsyncValidatorFn: ..., _rawValidators: ..., _rawAsyncValidators: ..., value: ..., _status: ..., statusReactive: ..., errors: ..., _pristine: ..., pristineReactive: ..., _touched: ..., touchedReactive: ..., _events: ..., events: ..., valueChanges: ..., statusChanges: ..., _onDisabledChange: ..., defaultValue: ..., _onChange: ..., _pendingValue: ..., _pendingChange: ...}, email: FormControl2{_pendingDirty: ..., _hasOwnPendingAsyncValidator: ..., _pendingTouched: ..., _onCollectionChange: ..., _updateOn: ..., _parent: ..., _asyncValidationSubscription: ..., _composedValidatorFn: ..., _composedAsyncValidatorFn: ..., _rawValidators: ..., _rawAsyncValidators: ..., value: ..., _status: ..., statusReactive: ..., errors: ..., _pristine: ..., pristineReactive: ..., _touched: ..., touchedReactive: ..., _events: ..., events: ..., valueChanges: ..., statusChanges: ..., _onDisabledChange: ..., defaultValue: ..., _onChange: ..., _pendingValue: ..., _pendingChange: ...}, body: FormControl2{_pendingDirty: ..., _hasOwnPendingAsyncValidator: ..., _pendingTouched: ..., _onCollectionChange: ..., _updateOn: ..., _parent: ..., _asyncValidationSubscription: ..., _composedValidatorFn: ..., _composedAsyncValidatorFn: ..., _rawValidators: ..., _rawAsyncValidators: ..., value: ..., _status: ..., statusReactive: ..., errors: ..., _pristine: ..., pristineReactive: ..., _touched: ..., touchedReactive: ..., _events: ..., events: ..., valueChanges: ..., statusChanges: ..., _onDisabledChange: ..., defaultValue: ..., _onChange: ..., _pendingValue: ..., _pendingChange: ...}}}[39m
Chrome 145.0.0.0 (Mac OS 10.15.7): Executed 142 of 168[31m (7 FAILED)[39m (0 secs / 0.39 secs)
LOG: 'add-comment-dialog says: form submitted', FormGroup{_pendingDirty: false, _hasOwnPendingAsyncValidator: null, _pendingTouched: false, _onCollectionChange: () => this._updateDomValue(), _updateOn: undefined, _parent: null, _asyncValidationSubscription: undefined, _composedValidatorFn: null, _composedAsyncValidatorFn: null, _rawValidators: null, _rawAsyncValidators: null, value: Object{title: 'Test Comment', email: 'test@example.com', body: 'Test comment body'}, _status: [Computed: VALID], statusReactive: [Signal: VALID], errors: null, _pristine: [Computed: true], pristineReactive: [Signal: true], _touched: [Computed: false], touchedReactive: [Signal: false], _events: Subject{closed: false, currentObservers: [], observers: [], isStopped: false, hasError: false, thrownError: null}, events: _Observable{source: Subject{closed: ..., currentObservers: ..., observers: ..., isStopped: ..., hasError: ..., thrownError: ...}}, valueChanges: EventEmitter_{closed: false, currentObservers: [], observers: [], isStopped: false, hasError: false, thrownError: null, __isAsync: false, destroyRef: NodeInjectorDestroyRef{_lView: ...}, pendingTasks: _PendingTasksInternal{taskId: ..., pendingTasks: ..., destroyed: ..., pendingTask: ...}}, statusChanges: EventEmitter_{closed: false, currentObservers: [], observers: [], isStopped: false, hasError: false, thrownError: null, __isAsync: false, destroyRef: NodeInjectorDestroyRef{_lView: ...}, pendingTasks: _PendingTasksInternal{taskId: ..., pendingTasks: ..., destroyed: ..., pendingTask: ...}}, _onDisabledChange: [], controls: Object{title: FormControl2{_pendingDirty: ..., _hasOwnPendingAsyncValidator: ..., _pendingTouched: ..., _onCollectionChange: ..., _updateOn: ..., _parent: ..., _asyncValidationSubscription: ..., _composedValidatorFn: ..., _composedAsyncValidatorFn: ..., _rawValidators: ..., _rawAsyncValidators: ..., value: ..., _status: ..., statusReactive: ..., errors: ..., _pristine: ..., pristineReactive: ..., _touched: ..., touchedReactive: ..., _events: ..., events: ..., valueChanges: ..., statusChanges: ..., _onDisabledChange: ..., defaultValue: ..., _onChange: ..., _pendingValue: ..., _pendingChange: ...}, email: FormControl2{_pendingDirty: ..., _hasOwnPendingAsyncValidator: ..., _pendingTouched: ..., _onCollectionChange: ..., _updateOn: ..., _parent: ..., _asyncValidationSubscription: ..., _composedValidatorFn: ..., _composedAsyncValidatorFn: ..., _rawValidators: ..., _rawAsyncValidators: ..., value: ..., _status: ..., statusReactive: ..., errors: ..., _pristine: ..., pristineReactive: ..., _touched: ..., touchedReactive: ..., _events: ..., events: ..., valueChanges: ..., statusChanges: ..., _onDisabledChange: ..., defaultValue: ..., _onChange: ..., _pendingValue: ..., _pendingChange: ...}, body: FormControl2{_pendingDirty: ..., _hasOwnPendingAsyncValidator: ..., _pendingTouched: ..., _onCollectionChange: ..., _updateOn: ..., _parent: ..., _asyncValidationSubscription: ..., _composedValidatorFn: ..., _composedAsyncValidatorFn: ..., _rawValidators: ..., _rawAsyncValidators: ..., value: ..., _status: ..., statusReactive: ..., errors: ..., _pristine: ..., pristineReactive: ..., _touched: ..., touchedReactive: ..., _events: ..., events: ..., valueChanges: ..., statusChanges: ..., _onDisabledChange: ..., defaultValue: ..., _onChange: ..., _pendingValue: ..., _pendingChange: ...}}}
[1A[2KChrome 145.0.0.0 (Mac OS 10.15.7): Executed 143 of 168[31m (7 FAILED)[39m (0 secs / 0.392 secs)
[1A[2KChrome 145.0.0.0 (Mac OS 10.15.7): Executed 144 of 168[31m (7 FAILED)[39m (0 secs / 0.393 secs)
[1A[2KLOG: [36m'create-post-dialog says: loaded users', [Object{id: 1, name: 'John Doe', email: 'john@example.com', gender: 'male', status: 'active'}, Object{id: 2, name: 'Jane Smith', email: 'jane@example.com', gender: 'female', status: 'active'}][39m
Chrome 145.0.0.0 (Mac OS 10.15.7): Executed 144 of 168[31m (7 FAILED)[39m (0 secs / 0.393 secs)
LOG: 'create-post-dialog says: loaded users', [Object{id: 1, name: 'John Doe', email: 'john@example.com', gender: 'male', status: 'active'}, Object{id: 2, name: 'Jane Smith', email: 'jane@example.com', gender: 'female', status: 'active'}]
[1A[2KChrome 145.0.0.0 (Mac OS 10.15.7): Executed 145 of 168[31m (7 FAILED)[39m (0 secs / 0.398 secs)
[1A[2KLOG: [36m'create-post-dialog says: loaded users', [Object{id: 1, name: 'John Doe', email: 'john@example.com', gender: 'male', status: 'active'}, Object{id: 2, name: 'Jane Smith', email: 'jane@example.com', gender: 'female', status: 'active'}][39m
Chrome 145.0.0.0 (Mac OS 10.15.7): Executed 145 of 168[31m (7 FAILED)[39m (0 secs / 0.398 secs)
LOG: 'create-post-dialog says: loaded users', [Object{id: 1, name: 'John Doe', email: 'john@example.com', gender: 'male', status: 'active'}, Object{id: 2, name: 'Jane Smith', email: 'jane@example.com', gender: 'female', status: 'active'}]
[1A[2KChrome 145.0.0.0 (Mac OS 10.15.7): Executed 146 of 168[31m (7 FAILED)[39m (0 secs / 0.4 secs)
[1A[2KLOG: [36m'create-post-dialog says: loaded users', [Object{id: 1, name: 'John Doe', email: 'john@example.com', gender: 'male', status: 'active'}, Object{id: 2, name: 'Jane Smith', email: 'jane@example.com', gender: 'female', status: 'active'}][39m
Chrome 145.0.0.0 (Mac OS 10.15.7): Executed 146 of 168[31m (7 FAILED)[39m (0 secs / 0.4 secs)
LOG: 'create-post-dialog says: loaded users', [Object{id: 1, name: 'John Doe', email: 'john@example.com', gender: 'male', status: 'active'}, Object{id: 2, name: 'Jane Smith', email: 'jane@example.com', gender: 'female', status: 'active'}]
[1A[2KChrome 145.0.0.0 (Mac OS 10.15.7): Executed 147 of 168[31m (7 FAILED)[39m (0 secs / 0.402 secs)
[1A[2KLOG: [36m'create-post-dialog says: loaded users', [Object{id: 1, name: 'John Doe', email: 'john@example.com', gender: 'male', status: 'active'}, Object{id: 2, name: 'Jane Smith', email: 'jane@example.com', gender: 'female', status: 'active'}][39m
Chrome 145.0.0.0 (Mac OS 10.15.7): Executed 147 of 168[31m (7 FAILED)[39m (0 secs / 0.402 secs)
LOG: 'create-post-dialog says: loaded users', [Object{id: 1, name: 'John Doe', email: 'john@example.com', gender: 'male', status: 'active'}, Object{id: 2, name: 'Jane Smith', email: 'jane@example.com', gender: 'female', status: 'active'}]
[1A[2KChrome 145.0.0.0 (Mac OS 10.15.7): Executed 148 of 168[31m (7 FAILED)[39m (0 secs / 0.404 secs)
[1A[2KLOG: [36m'create-post-dialog says: loaded users', [Object{id: 1, name: 'John Doe', email: 'john@example.com', gender: 'male', status: 'active'}, Object{id: 2, name: 'Jane Smith', email: 'jane@example.com', gender: 'female', status: 'active'}][39m
Chrome 145.0.0.0 (Mac OS 10.15.7): Executed 148 of 168[31m (7 FAILED)[39m (0 secs / 0.404 secs)
LOG: 'create-post-dialog says: loaded users', [Object{id: 1, name: 'John Doe', email: 'john@example.com', gender: 'male', status: 'active'}, Object{id: 2, name: 'Jane Smith', email: 'jane@example.com', gender: 'female', status: 'active'}]
[1A[2KChrome 145.0.0.0 (Mac OS 10.15.7): Executed 149 of 168[31m (7 FAILED)[39m (0 secs / 0.406 secs)
[1A[2KLOG: [36m'create-post-dialog says: loaded users', [Object{id: 1, name: 'John Doe', email: 'john@example.com', gender: 'male', status: 'active'}, Object{id: 2, name: 'Jane Smith', email: 'jane@example.com', gender: 'female', status: 'active'}][39m
Chrome 145.0.0.0 (Mac OS 10.15.7): Executed 149 of 168[31m (7 FAILED)[39m (0 secs / 0.406 secs)
LOG: 'create-post-dialog says: loaded users', [Object{id: 1, name: 'John Doe', email: 'john@example.com', gender: 'male', status: 'active'}, Object{id: 2, name: 'Jane Smith', email: 'jane@example.com', gender: 'female', status: 'active'}]
[1A[2KLOG: [36m'new-poster-dialog says: form invalid'[39m
Chrome 145.0.0.0 (Mac OS 10.15.7): Executed 149 of 168[31m (7 FAILED)[39m (0 secs / 0.406 secs)
LOG: 'new-poster-dialog says: form invalid'
[1A[2KChrome 145.0.0.0 (Mac OS 10.15.7): Executed 150 of 168[31m (7 FAILED)[39m (0 secs / 0.408 secs)
[1A[2KLOG: [36m'create-post-dialog says: loaded users', [Object{id: 1, name: 'John Doe', email: 'john@example.com', gender: 'male', status: 'active'}, Object{id: 2, name: 'Jane Smith', email: 'jane@example.com', gender: 'female', status: 'active'}][39m
Chrome 145.0.0.0 (Mac OS 10.15.7): Executed 150 of 168[31m (7 FAILED)[39m (0 secs / 0.408 secs)
LOG: 'create-post-dialog says: loaded users', [Object{id: 1, name: 'John Doe', email: 'john@example.com', gender: 'male', status: 'active'}, Object{id: 2, name: 'Jane Smith', email: 'jane@example.com', gender: 'female', status: 'active'}]
[1A[2KChrome 145.0.0.0 (Mac OS 10.15.7): Executed 151 of 168[31m (7 FAILED)[39m (0 secs / 0.41 secs)
[1A[2KLOG: [36m'create-post-dialog says: loaded users', [Object{id: 1, name: 'John Doe', email: 'john@example.com', gender: 'male', status: 'active'}, Object{id: 2, name: 'Jane Smith', email: 'jane@example.com', gender: 'female', status: 'active'}][39m
Chrome 145.0.0.0 (Mac OS 10.15.7): Executed 151 of 168[31m (7 FAILED)[39m (0 secs / 0.41 secs)
LOG: 'create-post-dialog says: loaded users', [Object{id: 1, name: 'John Doe', email: 'john@example.com', gender: 'male', status: 'active'}, Object{id: 2, name: 'Jane Smith', email: 'jane@example.com', gender: 'female', status: 'active'}]
[1A[2KLOG: [36m'new-poster-dialog says: ', FormGroup{_pendingDirty: false, _hasOwnPendingAsyncValidator: null, _pendingTouched: false, _onCollectionChange: () => this._updateDomValue(), _updateOn: undefined, _parent: null, _asyncValidationSubscription: undefined, _composedValidatorFn: null, _composedAsyncValidatorFn: null, _rawValidators: null, _rawAsyncValidators: null, value: Object{userName: 'john@example.com', title: 'Test Post', body: 'Test body that is long enough'}, _status: [Computed: VALID], statusReactive: [Signal: VALID], errors: null, _pristine: [Computed: true], pristineReactive: [Signal: true], _touched: [Computed: false], touchedReactive: [Signal: false], _events: Subject{closed: false, currentObservers: [], observers: [], isStopped: false, hasError: false, thrownError: null}, events: _Observable{source: Subject{closed: ..., currentObservers: ..., observers: ..., isStopped: ..., hasError: ..., thrownError: ...}}, valueChanges: EventEmitter_{closed: false, currentObservers: [], observers: [], isStopped: false, hasError: false, thrownError: null, __isAsync: false, destroyRef: NodeInjectorDestroyRef{_lView: ...}, pendingTasks: _PendingTasksInternal{taskId: ..., pendingTasks: ..., destroyed: ..., pendingTask: ...}}, statusChanges: EventEmitter_{closed: false, currentObservers: [], observers: [], isStopped: false, hasError: false, thrownError: null, __isAsync: false, destroyRef: NodeInjectorDestroyRef{_lView: ...}, pendingTasks: _PendingTasksInternal{taskId: ..., pendingTasks: ..., destroyed: ..., pendingTask: ...}}, _onDisabledChange: [], controls: Object{userName: FormControl2{_pendingDirty: ..., _hasOwnPendingAsyncValidator: ..., _pendingTouched: ..., _onCollectionChange: ..., _updateOn: ..., _parent: ..., _asyncValidationSubscription: ..., _composedValidatorFn: ..., _composedAsyncValidatorFn: ..., _rawValidators: ..., _rawAsyncValidators: ..., value: ..., _status: ..., statusReactive: ..., errors: ..., _pristine: ..., pristineReactive: ..., _touched: ..., touchedReactive: ..., _events: ..., events: ..., valueChanges: ..., statusChanges: ..., _onDisabledChange: ..., defaultValue: ..., _onChange: ..., _pendingValue: ..., _pendingChange: ...}, title: FormControl2{_pendingDirty: ..., _hasOwnPendingAsyncValidator: ..., _pendingTouched: ..., _onCollectionChange: ..., _updateOn: ..., _parent: ..., _asyncValidationSubscription: ..., _composedValidatorFn: ..., _composedAsyncValidatorFn: ..., _rawValidators: ..., _rawAsyncValidators: ..., value: ..., _status: ..., statusReactive: ..., errors: ..., _pristine: ..., pristineReactive: ..., _touched: ..., touchedReactive: ..., _events: ..., events: ..., valueChanges: ..., statusChanges: ..., _onDisabledChange: ..., defaultValue: ..., _onChange: ..., _pendingValue: ..., _pendingChange: ...}, body: FormControl2{_pendingDirty: ..., _hasOwnPendingAsyncValidator: ..., _pendingTouched: ..., _onCollectionChange: ..., _updateOn: ..., _parent: ..., _asyncValidationSubscription: ..., _composedValidatorFn: ..., _composedAsyncValidatorFn: ..., _rawValidators: ..., _rawAsyncValidators: ..., value: ..., _status: ..., statusReactive: ..., errors: ..., _pristine: ..., pristineReactive: ..., _touched: ..., touchedReactive: ..., _events: ..., events: ..., valueChanges: ..., statusChanges: ..., _onDisabledChange: ..., defaultValue: ..., _onChange: ..., _pendingValue: ..., _pendingChange: ...}}}[39m
Chrome 145.0.0.0 (Mac OS 10.15.7): Executed 151 of 168[31m (7 FAILED)[39m (0 secs / 0.41 secs)
LOG: 'new-poster-dialog says: ', FormGroup{_pendingDirty: false, _hasOwnPendingAsyncValidator: null, _pendingTouched: false, _onCollectionChange: () => this._updateDomValue(), _updateOn: undefined, _parent: null, _asyncValidationSubscription: undefined, _composedValidatorFn: null, _composedAsyncValidatorFn: null, _rawValidators: null, _rawAsyncValidators: null, value: Object{userName: 'john@example.com', title: 'Test Post', body: 'Test body that is long enough'}, _status: [Computed: VALID], statusReactive: [Signal: VALID], errors: null, _pristine: [Computed: true], pristineReactive: [Signal: true], _touched: [Computed: false], touchedReactive: [Signal: false], _events: Subject{closed: false, currentObservers: [], observers: [], isStopped: false, hasError: false, thrownError: null}, events: _Observable{source: Subject{closed: ..., currentObservers: ..., observers: ..., isStopped: ..., hasError: ..., thrownError: ...}}, valueChanges: EventEmitter_{closed: false, currentObservers: [], observers: [], isStopped: false, hasError: false, thrownError: null, __isAsync: false, destroyRef: NodeInjectorDestroyRef{_lView: ...}, pendingTasks: _PendingTasksInternal{taskId: ..., pendingTasks: ..., destroyed: ..., pendingTask: ...}}, statusChanges: EventEmitter_{closed: false, currentObservers: [], observers: [], isStopped: false, hasError: false, thrownError: null, __isAsync: false, destroyRef: NodeInjectorDestroyRef{_lView: ...}, pendingTasks: _PendingTasksInternal{taskId: ..., pendingTasks: ..., destroyed: ..., pendingTask: ...}}, _onDisabledChange: [], controls: Object{userName: FormControl2{_pendingDirty: ..., _hasOwnPendingAsyncValidator: ..., _pendingTouched: ..., _onCollectionChange: ..., _updateOn: ..., _parent: ..., _asyncValidationSubscription: ..., _composedValidatorFn: ..., _composedAsyncValidatorFn: ..., _rawValidators: ..., _rawAsyncValidators: ..., value: ..., _status: ..., statusReactive: ..., errors: ..., _pristine: ..., pristineReactive: ..., _touched: ..., touchedReactive: ..., _events: ..., events: ..., valueChanges: ..., statusChanges: ..., _onDisabledChange: ..., defaultValue: ..., _onChange: ..., _pendingValue: ..., _pendingChange: ...}, title: FormControl2{_pendingDirty: ..., _hasOwnPendingAsyncValidator: ..., _pendingTouched: ..., _onCollectionChange: ..., _updateOn: ..., _parent: ..., _asyncValidationSubscription: ..., _composedValidatorFn: ..., _composedAsyncValidatorFn: ..., _rawValidators: ..., _rawAsyncValidators: ..., value: ..., _status: ..., statusReactive: ..., errors: ..., _pristine: ..., pristineReactive: ..., _touched: ..., touchedReactive: ..., _events: ..., events: ..., valueChanges: ..., statusChanges: ..., _onDisabledChange: ..., defaultValue: ..., _onChange: ..., _pendingValue: ..., _pendingChange: ...}, body: FormControl2{_pendingDirty: ..., _hasOwnPendingAsyncValidator: ..., _pendingTouched: ..., _onCollectionChange: ..., _updateOn: ..., _parent: ..., _asyncValidationSubscription: ..., _composedValidatorFn: ..., _composedAsyncValidatorFn: ..., _rawValidators: ..., _rawAsyncValidators: ..., value: ..., _status: ..., statusReactive: ..., errors: ..., _pristine: ..., pristineReactive: ..., _touched: ..., touchedReactive: ..., _events: ..., events: ..., valueChanges: ..., statusChanges: ..., _onDisabledChange: ..., defaultValue: ..., _onChange: ..., _pendingValue: ..., _pendingChange: ...}}}
[1A[2KLOG: [36m'new-poster-dialog-says: post created', Object{user_id: 1, title: 'Test Post', body: 'Test body that is long enough'}[39m
Chrome 145.0.0.0 (Mac OS 10.15.7): Executed 151 of 168[31m (7 FAILED)[39m (0 secs / 0.41 secs)
LOG: 'new-poster-dialog-says: post created', Object{user_id: 1, title: 'Test Post', body: 'Test body that is long enough'}
[1A[2KChrome 145.0.0.0 (Mac OS 10.15.7): Executed 152 of 168[31m (7 FAILED)[39m (0 secs / 0.412 secs)
[1A[2KLOG: [36m'create-post-dialog says: loaded users', [Object{id: 1, name: 'John Doe', email: 'john@example.com', gender: 'male', status: 'active'}, Object{id: 2, name: 'Jane Smith', email: 'jane@example.com', gender: 'female', status: 'active'}][39m
Chrome 145.0.0.0 (Mac OS 10.15.7): Executed 152 of 168[31m (7 FAILED)[39m (0 secs / 0.412 secs)
LOG: 'create-post-dialog says: loaded users', [Object{id: 1, name: 'John Doe', email: 'john@example.com', gender: 'male', status: 'active'}, Object{id: 2, name: 'Jane Smith', email: 'jane@example.com', gender: 'female', status: 'active'}]
[1A[2KChrome 145.0.0.0 (Mac OS 10.15.7): Executed 153 of 168[31m (7 FAILED)[39m (0 secs / 0.414 secs)
[1A[2K[31mChrome 145.0.0.0 (Mac OS 10.15.7) AuthGuard should allow activation when token exists FAILED[39m
	ÉµNotFound: NG0201: No provider found for `_HttpClient`. Source: DynamicTestModule. Path: AuthGuard2 -> AuthService2 -> _HttpClient. Find more at https://v20.angular.dev/errors/NG0201
	error properties: Object({ code: -201, ngErrorCode: -201, ngErrorMessage: 'No provider found for `_HttpClient`.', ngTokenPath: [ 'AuthGuard2', 'AuthService2', '_HttpClient' ] })
	ÉµNotFound: NG0201: No provider found for `_HttpClient`. Source: DynamicTestModule. Path: AuthGuard2 -> AuthService2 -> _HttpClient. Find more at https://v20.angular.dev/errors/NG0201
	    at createRuntimeError (node_modules/@angular/core/fesm2022/root_effect_scheduler.mjs:921:19)
	    at NullInjector.get (node_modules/@angular/core/fesm2022/root_effect_scheduler.mjs:1489:27)
	    at R3Injector.get (node_modules/@angular/core/fesm2022/root_effect_scheduler.mjs:2045:33)
	    at R3Injector.get (node_modules/@angular/core/fesm2022/root_effect_scheduler.mjs:2045:33)
	    at R3Injector.retrieve (node_modules/@angular/core/fesm2022/root_effect_scheduler.mjs:1929:25)
	    at injectInjectorOnly (node_modules/@angular/core/fesm2022/root_effect_scheduler.mjs:1046:39)
	    at ÉµÉµinject (node_modules/@angular/core/fesm2022/root_effect_scheduler.mjs:1058:42)
	    at Object.AuthService2_Factory [as factory] (ng:///AuthService2/Éµfac.js:5:7)
	    at node_modules/@angular/core/fesm2022/root_effect_scheduler.mjs:2187:47
	    at runInInjectorProfilerContext (node_modules/@angular/core/fesm2022/root_effect_scheduler.mjs:746:9)
Chrome 145.0.0.0 (Mac OS 10.15.7): Executed 154 of 168[31m (8 FAILED)[39m (0 secs / 0.414 secs)
[1A[2K[31mChrome 145.0.0.0 (Mac OS 10.15.7) AuthGuard should be created FAILED[39m
	ÉµNotFound: NG0201: No provider found for `_HttpClient`. Source: DynamicTestModule. Path: AuthGuard2 -> AuthService2 -> _HttpClient. Find more at https://v20.angular.dev/errors/NG0201
	error properties: Object({ code: -201, ngErrorCode: -201, ngErrorMessage: 'No provider found for `_HttpClient`.', ngTokenPath: [ 'AuthGuard2', 'AuthService2', '_HttpClient' ] })
	ÉµNotFound: NG0201: No provider found for `_HttpClient`. Source: DynamicTestModule. Path: AuthGuard2 -> AuthService2 -> _HttpClient. Find more at https://v20.angular.dev/errors/NG0201
	    at createRuntimeError (node_modules/@angular/core/fesm2022/root_effect_scheduler.mjs:921:19)
	    at NullInjector.get (node_modules/@angular/core/fesm2022/root_effect_scheduler.mjs:1489:27)
	    at R3Injector.get (node_modules/@angular/core/fesm2022/root_effect_scheduler.mjs:2045:33)
	    at R3Injector.get (node_modules/@angular/core/fesm2022/root_effect_scheduler.mjs:2045:33)
	    at R3Injector.retrieve (node_modules/@angular/core/fesm2022/root_effect_scheduler.mjs:1929:25)
	    at injectInjectorOnly (node_modules/@angular/core/fesm2022/root_effect_scheduler.mjs:1046:39)
	    at ÉµÉµinject (node_modules/@angular/core/fesm2022/root_effect_scheduler.mjs:1058:42)
	    at Object.AuthService2_Factory [as factory] (ng:///AuthService2/Éµfac.js:5:7)
	    at node_modules/@angular/core/fesm2022/root_effect_scheduler.mjs:2187:47
	    at runInInjectorProfilerContext (node_modules/@angular/core/fesm2022/root_effect_scheduler.mjs:746:9)
Chrome 145.0.0.0 (Mac OS 10.15.7): Executed 155 of 168[31m (9 FAILED)[39m (0 secs / 0.415 secs)
[1A[2K[31mChrome 145.0.0.0 (Mac OS 10.15.7) AuthGuard should deny activation when token is empty string FAILED[39m
	ÉµNotFound: NG0201: No provider found for `_HttpClient`. Source: DynamicTestModule. Path: AuthGuard2 -> AuthService2 -> _HttpClient. Find more at https://v20.angular.dev/errors/NG0201
	error properties: Object({ code: -201, ngErrorCode: -201, ngErrorMessage: 'No provider found for `_HttpClient`.', ngTokenPath: [ 'AuthGuard2', 'AuthService2', '_HttpClient' ] })
	ÉµNotFound: NG0201: No provider found for `_HttpClient`. Source: DynamicTestModule. Path: AuthGuard2 -> AuthService2 -> _HttpClient. Find more at https://v20.angular.dev/errors/NG0201
	    at createRuntimeError (node_modules/@angular/core/fesm2022/root_effect_scheduler.mjs:921:19)
	    at NullInjector.get (node_modules/@angular/core/fesm2022/root_effect_scheduler.mjs:1489:27)
	    at R3Injector.get (node_modules/@angular/core/fesm2022/root_effect_scheduler.mjs:2045:33)
	    at R3Injector.get (node_modules/@angular/core/fesm2022/root_effect_scheduler.mjs:2045:33)
	    at R3Injector.retrieve (node_modules/@angular/core/fesm2022/root_effect_scheduler.mjs:1929:25)
	    at injectInjectorOnly (node_modules/@angular/core/fesm2022/root_effect_scheduler.mjs:1046:39)
	    at ÉµÉµinject (node_modules/@angular/core/fesm2022/root_effect_scheduler.mjs:1058:42)
	    at Object.AuthService2_Factory [as factory] (ng:///AuthService2/Éµfac.js:5:7)
	    at node_modules/@angular/core/fesm2022/root_effect_scheduler.mjs:2187:47
	    at runInInjectorProfilerContext (node_modules/@angular/core/fesm2022/root_effect_scheduler.mjs:746:9)
Chrome 145.0.0.0 (Mac OS 10.15.7): Executed 156 of 168[31m (10 FAILED)[39m (0 secs / 0.415 secs)
[1A[2K[31mChrome 145.0.0.0 (Mac OS 10.15.7) AuthGuard should deny activation and navigate to /auth when token does not exist FAILED[39m
	ÉµNotFound: NG0201: No provider found for `_HttpClient`. Source: DynamicTestModule. Path: AuthGuard2 -> AuthService2 -> _HttpClient. Find more at https://v20.angular.dev/errors/NG0201
	error properties: Object({ code: -201, ngErrorCode: -201, ngErrorMessage: 'No provider found for `_HttpClient`.', ngTokenPath: [ 'AuthGuard2', 'AuthService2', '_HttpClient' ] })
	ÉµNotFound: NG0201: No provider found for `_HttpClient`. Source: DynamicTestModule. Path: AuthGuard2 -> AuthService2 -> _HttpClient. Find more at https://v20.angular.dev/errors/NG0201
	    at createRuntimeError (node_modules/@angular/core/fesm2022/root_effect_scheduler.mjs:921:19)
	    at NullInjector.get (node_modules/@angular/core/fesm2022/root_effect_scheduler.mjs:1489:27)
	    at R3Injector.get (node_modules/@angular/core/fesm2022/root_effect_scheduler.mjs:2045:33)
	    at R3Injector.get (node_modules/@angular/core/fesm2022/root_effect_scheduler.mjs:2045:33)
	    at R3Injector.retrieve (node_modules/@angular/core/fesm2022/root_effect_scheduler.mjs:1929:25)
	    at injectInjectorOnly (node_modules/@angular/core/fesm2022/root_effect_scheduler.mjs:1046:39)
	    at ÉµÉµinject (node_modules/@angular/core/fesm2022/root_effect_scheduler.mjs:1058:42)
	    at Object.AuthService2_Factory [as factory] (ng:///AuthService2/Éµfac.js:5:7)
	    at node_modules/@angular/core/fesm2022/root_effect_scheduler.mjs:2187:47
	    at runInInjectorProfilerContext (node_modules/@angular/core/fesm2022/root_effect_scheduler.mjs:746:9)
Chrome 145.0.0.0 (Mac OS 10.15.7): Executed 157 of 168[31m (11 FAILED)[39m (0 secs / 0.415 secs)
[1A[2KLOG: [36m''[39m
Chrome 145.0.0.0 (Mac OS 10.15.7): Executed 157 of 168[31m (11 FAILED)[39m (0 secs / 0.415 secs)
LOG: ''
[1A[2KLOG: [36m'post-list-page-header says grid cols clicked: ', 3[39m
Chrome 145.0.0.0 (Mac OS 10.15.7): Executed 157 of 168[31m (11 FAILED)[39m (0 secs / 0.415 secs)
LOG: 'post-list-page-header says grid cols clicked: ', 3
[1A[2KChrome 145.0.0.0 (Mac OS 10.15.7): Executed 158 of 168[31m (11 FAILED)[39m (0 secs / 0.417 secs)
[1A[2KLOG: [36m''[39m
Chrome 145.0.0.0 (Mac OS 10.15.7): Executed 158 of 168[31m (11 FAILED)[39m (0 secs / 0.417 secs)
LOG: ''
[1A[2KChrome 145.0.0.0 (Mac OS 10.15.7): Executed 159 of 168[31m (11 FAILED)[39m (0 secs / 0.418 secs)
[1A[2KLOG: [36m''[39m
Chrome 145.0.0.0 (Mac OS 10.15.7): Executed 159 of 168[31m (11 FAILED)[39m (0 secs / 0.418 secs)
LOG: ''
[1A[2KChrome 145.0.0.0 (Mac OS 10.15.7): Executed 160 of 168[31m (11 FAILED)[39m (0 secs / 0.419 secs)
[1A[2KLOG: [36m''[39m
Chrome 145.0.0.0 (Mac OS 10.15.7): Executed 160 of 168[31m (11 FAILED)[39m (0 secs / 0.419 secs)
LOG: ''
[1A[2KChrome 145.0.0.0 (Mac OS 10.15.7): Executed 161 of 168[31m (11 FAILED)[39m (0 secs / 0.42 secs)
[1A[2KLOG: [36m''[39m
Chrome 145.0.0.0 (Mac OS 10.15.7): Executed 161 of 168[31m (11 FAILED)[39m (0 secs / 0.42 secs)
LOG: ''
[1A[2KChrome 145.0.0.0 (Mac OS 10.15.7): Executed 162 of 168[31m (11 FAILED)[39m (0 secs / 0.421 secs)
[1A[2KLOG: [36m''[39m
Chrome 145.0.0.0 (Mac OS 10.15.7): Executed 162 of 168[31m (11 FAILED)[39m (0 secs / 0.421 secs)
LOG: ''
[1A[2KChrome 145.0.0.0 (Mac OS 10.15.7): Executed 163 of 168[31m (11 FAILED)[39m (0 secs / 0.422 secs)
[1A[2KLOG: [36m''[39m
Chrome 145.0.0.0 (Mac OS 10.15.7): Executed 163 of 168[31m (11 FAILED)[39m (0 secs / 0.422 secs)
LOG: ''
[1A[2KLOG: [36m'post-list-page-header says: new post clicked'[39m
Chrome 145.0.0.0 (Mac OS 10.15.7): Executed 163 of 168[31m (11 FAILED)[39m (0 secs / 0.422 secs)
LOG: 'post-list-page-header says: new post clicked'
[1A[2KChrome 145.0.0.0 (Mac OS 10.15.7): Executed 164 of 168[31m (11 FAILED)[39m (0 secs / 0.426 secs)
[1A[2KLOG: [36m''[39m
Chrome 145.0.0.0 (Mac OS 10.15.7): Executed 164 of 168[31m (11 FAILED)[39m (0 secs / 0.426 secs)
LOG: ''
[1A[2KChrome 145.0.0.0 (Mac OS 10.15.7): Executed 165 of 168[31m (11 FAILED)[39m (0 secs / 0.428 secs)
[1A[2KLOG: [36m''[39m
Chrome 145.0.0.0 (Mac OS 10.15.7): Executed 165 of 168[31m (11 FAILED)[39m (0 secs / 0.428 secs)
LOG: ''
[1A[2KChrome 145.0.0.0 (Mac OS 10.15.7): Executed 166 of 168[31m (11 FAILED)[39m (0 secs / 0.429 secs)
[1A[2KChrome 145.0.0.0 (Mac OS 10.15.7): Executed 167 of 168[31m (11 FAILED)[39m (0 secs / 0.43 secs)
[1A[2KChrome 145.0.0.0 (Mac OS 10.15.7): Executed 168 of 168[31m (11 FAILED)[39m (0 secs / 0.431 secs)
[1A[2KChrome 145.0.0.0 (Mac OS 10.15.7): Executed 168 of 168[31m (11 FAILED)[39m (0.457 secs / 0.431 secs)
[31mTOTAL: 11 FAILED, 157 SUCCESS[39m
